2009.12.26 14:43 B C:\Users\John\Documents\ASM\ASM_Website\Images\2009_FS\2009_FS_CP_2-4_001.jpg <-- ASM_Website /httpdocs/Images/2009_FS 2009_FS_CP_2-4_001.jpg
2009.12.26 14:43 B C:\Users\John\Documents\ASM\ASM_Website\Images\2009_FS\2009_FS_CP_2-4_027.jpg <-- ASM_Website /httpdocs/Images/2009_FS 2009_FS_CP_2-4_027.jpg
2009.12.26 14:43 B C:\Users\John\Documents\ASM\ASM_Website\Images\2009_FS\2009_FS_CP_2-4_029.jpg <-- ASM_Website /httpdocs/Images/2009_FS 2009_FS_CP_2-4_029.jpg
2009.12.26 14:43 B C:\Users\John\Documents\ASM\ASM_Website\Images\2009_FS\2009_FS_CP_2-4_032.jpg <-- ASM_Website /httpdocs/Images/2009_FS 2009_FS_CP_2-4_032.jpg
2009.12.26 14:43 B C:\Users\John\Documents\ASM\ASM_Website\Images\2009_FS\2009_FS_D60_Day2-4_033.jpg <-- ASM_Website /httpdocs/Images/2009_FS 2009_FS_D60_Day2-4_033.jpg
2009.12.26 14:43 B C:\Users\John\Documents\ASM\ASM_Website\Images\2009_FS\2009_FS_D60_Day2-4_042.jpg <-- ASM_Website /httpdocs/Images/2009_FS 2009_FS_D60_Day2-4_042.jpg
2009.12.26 14:43 B C:\Users\John\Documents\ASM\ASM_Website\Images\2009_FS\2009_FS_D60_Day2-4_063.jpg <-- ASM_Website /httpdocs/Images/2009_FS 2009_FS_D60_Day2-4_063.jpg
2009.12.26 14:43 B C:\Users\John\Documents\ASM\ASM_Website\Images\2009_FS\2009_FS_D60_Day2-4_078.jpg <-- ASM_Website /httpdocs/Images/2009_FS 2009_FS_D60_Day2-4_078.jpg
2009.12.26 14:43 B C:\Users\John\Documents\ASM\ASM_Website\Images\2009_FS\2009_FS_D60_Day2-4_081.jpg <-- ASM_Website /httpdocs/Images/2009_FS 2009_FS_D60_Day2-4_081.jpg
2009.12.26 14:43 B C:\Users\John\Documents\ASM\ASM_Website\Images\2009_FS\2009_FS_D60_Day2-4_083.jpg <-- ASM_Website /httpdocs/Images/2009_FS 2009_FS_D60_Day2-4_083.jpg
2009.12.26 14:43 B C:\Users\John\Documents\ASM\ASM_Website\Images\2009_FS\2009_FS_D60_Day2-4_088.jpg <-- ASM_Website /httpdocs/Images/2009_FS 2009_FS_D60_Day2-4_088.jpg
2009.12.26 14:43 B C:\Users\John\Documents\ASM\ASM_Website\Images\2009_FS\2009_FS_D60_Day2-4_091.jpg <-- ASM_Website /httpdocs/Images/2009_FS 2009_FS_D60_Day2-4_091.jpg
2009.12.26 14:43 B C:\Users\John\Documents\ASM\ASM_Website\Images\2009_FS\2009_FS_D60_Day2-4_101.jpg <-- ASM_Website /httpdocs/Images/2009_FS 2009_FS_D60_Day2-4_101.jpg
2009.12.26 14:43 B C:\Users\John\Documents\ASM\ASM_Website\Images\2009_FS\2009_FS_D60_Day2-4_108.jpg <-- ASM_Website /httpdocs/Images/2009_FS 2009_FS_D60_Day2-4_108.jpg
2009.12.26 14:43 B C:\Users\John\Documents\ASM\ASM_Website\Images\2009_FS\2009_FS_D60_Day2-4_109.jpg <-- ASM_Website /httpdocs/Images/2009_FS 2009_FS_D60_Day2-4_109.jpg
2009.12.26 14:43 B C:\Users\John\Documents\ASM\ASM_Website\Images\2009_FS\2009_FS_D60_Day2-4_113.jpg <-- ASM_Website /httpdocs/Images/2009_FS 2009_FS_D60_Day2-4_113.jpg
2009.12.26 14:43 B C:\Users\John\Documents\ASM\ASM_Website\Images\2009_FS\2009_FS_D60_Day2-4_117.jpg <-- ASM_Website /httpdocs/Images/2009_FS 2009_FS_D60_Day2-4_117.jpg
2009.12.26 14:43 B C:\Users\John\Documents\ASM\ASM_Website\Images\2009_FS\2009_FS_D60_Day2-4_127.jpg <-- ASM_Website /httpdocs/Images/2009_FS 2009_FS_D60_Day2-4_127.jpg
2009.12.26 14:43 B C:\Users\John\Documents\ASM\ASM_Website\Images\2009_FS\2009_FS_D60_Day2-4_133.jpg <-- ASM_Website /httpdocs/Images/2009_FS 2009_FS_D60_Day2-4_133.jpg
2009.12.26 14:43 B C:\Users\John\Documents\ASM\ASM_Website\Images\2009_FS\2009_FS_D60_Day2-4_137.jpg <-- ASM_Website /httpdocs/Images/2009_FS 2009_FS_D60_Day2-4_137.jpg
2009.12.26 14:43 B C:\Users\John\Documents\ASM\ASM_Website\Images\2009_FS\2009_FS_Day7-10_003.jpg <-- ASM_Website /httpdocs/Images/2009_FS 2009_FS_Day7-10_003.jpg
2009.12.26 14:43 B C:\Users\John\Documents\ASM\ASM_Website\Images\2009_FS\2009_FS_Day7-10_017.jpg <-- ASM_Website /httpdocs/Images/2009_FS 2009_FS_Day7-10_017.jpg
2009.12.26 14:43 B C:\Users\John\Documents\ASM\ASM_Website\Images\2009_FS\2009_FS_Day7-10_020.jpg <-- ASM_Website /httpdocs/Images/2009_FS 2009_FS_Day7-10_020.jpg
2009.12.26 14:43 B C:\Users\John\Documents\ASM\ASM_Website\Images\2009_FS\2009_FS_Day7-10_030.jpg <-- ASM_Website /httpdocs/Images/2009_FS 2009_FS_Day7-10_030.jpg
2009.12.26 14:43 B C:\Users\John\Documents\ASM\ASM_Website\Images\2009_FS\2009_FS_Day7-10_036.jpg <-- ASM_Website /httpdocs/Images/2009_FS 2009_FS_Day7-10_036.jpg
2009.12.26 14:43 B C:\Users\John\Documents\ASM\ASM_Website\Images\2009_FS\2009_FS_Day7-10_052.jpg <-- ASM_Website /httpdocs/Images/2009_FS 2009_FS_Day7-10_052.jpg
2009.12.26 14:43 B C:\Users\John\Documents\ASM\ASM_Website\Images\2009_FS\2009_FS_Day7-10_078.jpg <-- ASM_Website /httpdocs/Images/2009_FS 2009_FS_Day7-10_078.jpg
2009.12.26 14:43 B C:\Users\John\Documents\ASM\ASM_Website\Images\2009_FS\2009_FS_Day7-10_083.jpg <-- ASM_Website /httpdocs/Images/2009_FS 2009_FS_Day7-10_083.jpg
2009.12.26 14:43 B C:\Users\John\Documents\ASM\ASM_Website\Images\2009_FS\2009_FS_Day7-10_086.jpg <-- ASM_Website /httpdocs/Images/2009_FS 2009_FS_Day7-10_086.jpg
2009.12.26 14:43 B C:\Users\John\Documents\ASM\ASM_Website\Images\2009_FS\2009_FS_Day7-10_092.jpg <-- ASM_Website /httpdocs/Images/2009_FS 2009_FS_Day7-10_092.jpg
2009.12.26 14:43 B C:\Users\John\Documents\ASM\ASM_Website\Images\2009_FS\2009_FS_Day7-10_093.jpg <-- ASM_Website /httpdocs/Images/2009_FS 2009_FS_Day7-10_093.jpg
2009.12.26 14:43 B C:\Users\John\Documents\ASM\ASM_Website\Images\2009_FS\2009_FS_Day7-10_094.jpg <-- ASM_Website /httpdocs/Images/2009_FS 2009_FS_Day7-10_094.jpg
2009.12.26 14:43 B C:\Users\John\Documents\ASM\ASM_Website\Images\2009_FS\2009_FS_Day7-10_095.jpg <-- ASM_Website /httpdocs/Images/2009_FS 2009_FS_Day7-10_095.jpg
2009.12.26 14:43 B C:\Users\John\Documents\ASM\ASM_Website\Images\2009_FS\2009_FS_Day7-10_096.jpg <-- ASM_Website /httpdocs/Images/2009_FS 2009_FS_Day7-10_096.jpg
2009.12.26 14:43 B C:\Users\John\Documents\ASM\ASM_Website\Images\2009_FS\2009_FS_Day7-10_107.jpg <-- ASM_Website /httpdocs/Images/2009_FS 2009_FS_Day7-10_107.jpg
2009.12.26 14:43 B C:\Users\John\Documents\ASM\ASM_Website\Images\2009_FS\2009_FS_Day7-10_110.jpg <-- ASM_Website /httpdocs/Images/2009_FS 2009_FS_Day7-10_110.jpg
2009.12.26 14:43 B C:\Users\John\Documents\ASM\ASM_Website\Images\2009_FS\2009_FS_Day7-10_113.jpg <-- ASM_Website /httpdocs/Images/2009_FS 2009_FS_Day7-10_113.jpg
2009.12.26 14:43 B C:\Users\John\Documents\ASM\ASM_Website\Images\2009_FS\2009_FS_Day7-10_115.jpg <-- ASM_Website /httpdocs/Images/2009_FS 2009_FS_Day7-10_115.jpg
2009.12.26 14:43 B C:\Users\John\Documents\ASM\ASM_Website\Images\2009_FS\2009_FS_Day7-10_116.jpg <-- ASM_Website /httpdocs/Images/2009_FS 2009_FS_Day7-10_116.jpg
2009.12.26 14:43 B C:\Users\John\Documents\ASM\ASM_Website\Images\2009_FS\2009_FS_Day7-10_117.jpg <-- ASM_Website /httpdocs/Images/2009_FS 2009_FS_Day7-10_117.jpg
2009.12.26 14:43 B C:\Users\John\Documents\ASM\ASM_Website\Images\2009_FS\2009_FS_Day7-10_120.jpg <-- ASM_Website /httpdocs/Images/2009_FS 2009_FS_Day7-10_120.jpg
2009.12.26 14:43 B C:\Users\John\Documents\ASM\ASM_Website\Images\2009_FS\2009_FS_Day7-10_147.jpg <-- ASM_Website /httpdocs/Images/2009_FS 2009_FS_Day7-10_147.jpg
2009.12.26 14:43 B C:\Users\John\Documents\ASM\ASM_Website\Images\2009_FS\2009_FS_Day7-10_148.jpg <-- ASM_Website /httpdocs/Images/2009_FS 2009_FS_Day7-10_148.jpg
2009.12.26 14:43 B C:\Users\John\Documents\ASM\ASM_Website\Images\2009_FS\2009_FS_Day7-10_149.jpg <-- ASM_Website /httpdocs/Images/2009_FS 2009_FS_Day7-10_149.jpg
2009.12.26 14:43 B C:\Users\John\Documents\ASM\ASM_Website\Images\2009_FS\2009_FS_Day7-10_150.jpg <-- ASM_Website /httpdocs/Images/2009_FS 2009_FS_Day7-10_150.jpg
2009.12.26 14:43 B C:\Users\John\Documents\ASM\ASM_Website\Images\2009_FS\2009_FS_Day7-10_155.jpg <-- ASM_Website /httpdocs/Images/2009_FS 2009_FS_Day7-10_155.jpg
2009.12.26 14:43 B C:\Users\John\Documents\ASM\ASM_Website\Images\2009_FS\2009_FS_Day7-10_156.jpg <-- ASM_Website /httpdocs/Images/2009_FS 2009_FS_Day7-10_156.jpg
2009.12.26 14:43 B C:\Users\John\Documents\ASM\ASM_Website\Images\2009_FS\2009_FS_Day7-10_161.jpg <-- ASM_Website /httpdocs/Images/2009_FS 2009_FS_Day7-10_161.jpg
2009.12.26 14:43 B C:\Users\John\Documents\ASM\ASM_Website\Images\2009_FS\2009_FS_Day7-10_169.jpg <-- ASM_Website /httpdocs/Images/2009_FS 2009_FS_Day7-10_169.jpg
2009.12.26 14:43 B C:\Users\John\Documents\ASM\ASM_Website\Images\2009_FS\2009_FS_Day7-10_172.jpg <-- ASM_Website /httpdocs/Images/2009_FS 2009_FS_Day7-10_172.jpg
2009.12.26 14:43 B C:\Users\John\Documents\ASM\ASM_Website\Images\2009_FS\Thumbs.db <-- ASM_Website /httpdocs/Images/2009_FS Thumbs.db
2010.03.12 13:32 B C:\Users\John\Documents\ASM\ASM_Website\Images\2009_FS\T_Shirt_2.gif --> www.marylandarcheology.org /httpdocs/Images/2009_FS T_Shirt_2.gif
