2010.05.25 17:01 B C:\Users\John\Documents\ASM\ASM_Website\Images\2010_FS\T-Shirt_sm.gif --> www.marylandarcheology.org /httpdocs/Images/2010_FS T-Shirt_sm.gif
2010.05.25 17:01 B C:\Users\John\Documents\ASM\ASM_Website\Images\2010_FS\Thumbs.db --> www.marylandarcheology.org /httpdocs/Images/2010_FS Thumbs.db
2010.05.27 17:32 B C:\Users\John\Documents\ASM\ASM_Website\Images\2010_FS\T-Shirt_Models.gif --> www.marylandarcheology.org /httpdocs/Images/2010_FS T-Shirt_Models.gif
2010.05.31 13:50 B C:\Users\John\Documents\ASM\ASM_Website\Images\2010_FS\DSC_0090036.jpg --> www.marylandarcheology.org /httpdocs/Images/2010_FS DSC_0090036.jpg
2010.05.31 13:50 B C:\Users\John\Documents\ASM\ASM_Website\Images\2010_FS\DSC_0092037.jpg --> www.marylandarcheology.org /httpdocs/Images/2010_FS DSC_0092037.jpg
2010.05.31 13:50 B C:\Users\John\Documents\ASM\ASM_Website\Images\2010_FS\DSC_0094038.jpg --> www.marylandarcheology.org /httpdocs/Images/2010_FS DSC_0094038.jpg
2010.05.31 13:50 B C:\Users\John\Documents\ASM\ASM_Website\Images\2010_FS\DSC_0096039.jpg --> www.marylandarcheology.org /httpdocs/Images/2010_FS DSC_0096039.jpg
2010.05.31 13:50 B C:\Users\John\Documents\ASM\ASM_Website\Images\2010_FS\DSC_0097040.jpg --> www.marylandarcheology.org /httpdocs/Images/2010_FS DSC_0097040.jpg
2010.05.31 13:50 B C:\Users\John\Documents\ASM\ASM_Website\Images\2010_FS\DSC_0098041.jpg --> www.marylandarcheology.org /httpdocs/Images/2010_FS DSC_0098041.jpg
2010.05.31 13:50 B C:\Users\John\Documents\ASM\ASM_Website\Images\2010_FS\DSC_0099042.jpg --> www.marylandarcheology.org /httpdocs/Images/2010_FS DSC_0099042.jpg
2010.05.31 13:50 B C:\Users\John\Documents\ASM\ASM_Website\Images\2010_FS\DSC_0100043.jpg --> www.marylandarcheology.org /httpdocs/Images/2010_FS DSC_0100043.jpg
2010.05.31 13:50 B C:\Users\John\Documents\ASM\ASM_Website\Images\2010_FS\DSC_0102044.jpg --> www.marylandarcheology.org /httpdocs/Images/2010_FS DSC_0102044.jpg
2010.05.31 13:50 B C:\Users\John\Documents\ASM\ASM_Website\Images\2010_FS\DSC_0103045.jpg --> www.marylandarcheology.org /httpdocs/Images/2010_FS DSC_0103045.jpg
2010.05.31 13:50 B C:\Users\John\Documents\ASM\ASM_Website\Images\2010_FS\DSC_0105046.jpg --> www.marylandarcheology.org /httpdocs/Images/2010_FS DSC_0105046.jpg
2010.05.31 13:50 B C:\Users\John\Documents\ASM\ASM_Website\Images\2010_FS\DSC_0111047.jpg --> www.marylandarcheology.org /httpdocs/Images/2010_FS DSC_0111047.jpg
2010.05.31 13:50 B C:\Users\John\Documents\ASM\ASM_Website\Images\2010_FS\DSC_0115048.jpg --> www.marylandarcheology.org /httpdocs/Images/2010_FS DSC_0115048.jpg
2010.05.31 13:50 B C:\Users\John\Documents\ASM\ASM_Website\Images\2010_FS\DSC_0118049.jpg --> www.marylandarcheology.org /httpdocs/Images/2010_FS DSC_0118049.jpg
2010.05.31 13:50 B C:\Users\John\Documents\ASM\ASM_Website\Images\2010_FS\DSC_0120050.jpg --> www.marylandarcheology.org /httpdocs/Images/2010_FS DSC_0120050.jpg
2010.05.31 13:50 B C:\Users\John\Documents\ASM\ASM_Website\Images\2010_FS\DSC_0128051.jpg --> www.marylandarcheology.org /httpdocs/Images/2010_FS DSC_0128051.jpg
2010.05.31 13:50 B C:\Users\John\Documents\ASM\ASM_Website\Images\2010_FS\DSC_0132052.jpg --> www.marylandarcheology.org /httpdocs/Images/2010_FS DSC_0132052.jpg
2010.05.31 13:50 B C:\Users\John\Documents\ASM\ASM_Website\Images\2010_FS\DSC_0133053.jpg --> www.marylandarcheology.org /httpdocs/Images/2010_FS DSC_0133053.jpg
2010.05.31 13:50 B C:\Users\John\Documents\ASM\ASM_Website\Images\2010_FS\DSC_0137054.jpg --> www.marylandarcheology.org /httpdocs/Images/2010_FS DSC_0137054.jpg
2010.05.31 13:50 B C:\Users\John\Documents\ASM\ASM_Website\Images\2010_FS\DSC_0140055.jpg --> www.marylandarcheology.org /httpdocs/Images/2010_FS DSC_0140055.jpg
2010.05.31 13:50 B C:\Users\John\Documents\ASM\ASM_Website\Images\2010_FS\DSC_0142056.jpg --> www.marylandarcheology.org /httpdocs/Images/2010_FS DSC_0142056.jpg
2010.05.31 13:50 B C:\Users\John\Documents\ASM\ASM_Website\Images\2010_FS\DSC_0143057.jpg --> www.marylandarcheology.org /httpdocs/Images/2010_FS DSC_0143057.jpg
2010.05.31 13:50 B C:\Users\John\Documents\ASM\ASM_Website\Images\2010_FS\DSC_0145058.jpg --> www.marylandarcheology.org /httpdocs/Images/2010_FS DSC_0145058.jpg
2010.05.31 13:50 B C:\Users\John\Documents\ASM\ASM_Website\Images\2010_FS\DSC_0148059.jpg --> www.marylandarcheology.org /httpdocs/Images/2010_FS DSC_0148059.jpg
2010.05.31 13:50 B C:\Users\John\Documents\ASM\ASM_Website\Images\2010_FS\DSC_0149060.jpg --> www.marylandarcheology.org /httpdocs/Images/2010_FS DSC_0149060.jpg
2010.05.31 13:50 B C:\Users\John\Documents\ASM\ASM_Website\Images\2010_FS\DSC_0150061.jpg --> www.marylandarcheology.org /httpdocs/Images/2010_FS DSC_0150061.jpg
2010.05.31 13:50 B C:\Users\John\Documents\ASM\ASM_Website\Images\2010_FS\DSC_0151062.jpg --> www.marylandarcheology.org /httpdocs/Images/2010_FS DSC_0151062.jpg
2010.05.31 13:50 B C:\Users\John\Documents\ASM\ASM_Website\Images\2010_FS\DSC_0153064.jpg --> www.marylandarcheology.org /httpdocs/Images/2010_FS DSC_0153064.jpg
2010.05.31 13:50 B C:\Users\John\Documents\ASM\ASM_Website\Images\2010_FS\DSCN1663001.jpg --> www.marylandarcheology.org /httpdocs/Images/2010_FS DSCN1663001.jpg
2010.05.31 13:50 B C:\Users\John\Documents\ASM\ASM_Website\Images\2010_FS\DSCN1664002.jpg --> www.marylandarcheology.org /httpdocs/Images/2010_FS DSCN1664002.jpg
2010.05.31 13:50 B C:\Users\John\Documents\ASM\ASM_Website\Images\2010_FS\DSCN1666003.jpg --> www.marylandarcheology.org /httpdocs/Images/2010_FS DSCN1666003.jpg
2010.05.31 13:50 B C:\Users\John\Documents\ASM\ASM_Website\Images\2010_FS\DSCN1669004.jpg --> www.marylandarcheology.org /httpdocs/Images/2010_FS DSCN1669004.jpg
2010.05.31 13:50 B C:\Users\John\Documents\ASM\ASM_Website\Images\2010_FS\DSCN1671005.jpg --> www.marylandarcheology.org /httpdocs/Images/2010_FS DSCN1671005.jpg
2010.05.31 13:51 B C:\Users\John\Documents\ASM\ASM_Website\Images\2010_FS\DSCN1672006.jpg --> www.marylandarcheology.org /httpdocs/Images/2010_FS DSCN1672006.jpg
2010.05.31 13:51 B C:\Users\John\Documents\ASM\ASM_Website\Images\2010_FS\DSCN1674007.jpg --> www.marylandarcheology.org /httpdocs/Images/2010_FS DSCN1674007.jpg
2010.05.31 13:51 B C:\Users\John\Documents\ASM\ASM_Website\Images\2010_FS\DSCN1676008.jpg --> www.marylandarcheology.org /httpdocs/Images/2010_FS DSCN1676008.jpg
2010.05.31 13:51 B C:\Users\John\Documents\ASM\ASM_Website\Images\2010_FS\DSCN1683009.jpg --> www.marylandarcheology.org /httpdocs/Images/2010_FS DSCN1683009.jpg
2010.05.31 13:51 B C:\Users\John\Documents\ASM\ASM_Website\Images\2010_FS\DSCN1685010.jpg --> www.marylandarcheology.org /httpdocs/Images/2010_FS DSCN1685010.jpg
2010.05.31 13:51 B C:\Users\John\Documents\ASM\ASM_Website\Images\2010_FS\DSCN1696011.jpg --> www.marylandarcheology.org /httpdocs/Images/2010_FS DSCN1696011.jpg
2010.05.31 13:51 B C:\Users\John\Documents\ASM\ASM_Website\Images\2010_FS\DSCN1697012.jpg --> www.marylandarcheology.org /httpdocs/Images/2010_FS DSCN1697012.jpg
2010.05.31 13:51 B C:\Users\John\Documents\ASM\ASM_Website\Images\2010_FS\DSCN1700013.jpg --> www.marylandarcheology.org /httpdocs/Images/2010_FS DSCN1700013.jpg
2010.05.31 13:51 B C:\Users\John\Documents\ASM\ASM_Website\Images\2010_FS\DSCN1703014.jpg --> www.marylandarcheology.org /httpdocs/Images/2010_FS DSCN1703014.jpg
2010.05.31 13:51 B C:\Users\John\Documents\ASM\ASM_Website\Images\2010_FS\DSCN1706015.jpg --> www.marylandarcheology.org /httpdocs/Images/2010_FS DSCN1706015.jpg
2010.05.31 13:51 B C:\Users\John\Documents\ASM\ASM_Website\Images\2010_FS\DSCN1708016.jpg --> www.marylandarcheology.org /httpdocs/Images/2010_FS DSCN1708016.jpg
2010.05.31 13:51 B C:\Users\John\Documents\ASM\ASM_Website\Images\2010_FS\DSCN1709017.jpg --> www.marylandarcheology.org /httpdocs/Images/2010_FS DSCN1709017.jpg
2010.05.31 13:51 B C:\Users\John\Documents\ASM\ASM_Website\Images\2010_FS\DSCN1711018.jpg --> www.marylandarcheology.org /httpdocs/Images/2010_FS DSCN1711018.jpg
2010.05.31 13:51 B C:\Users\John\Documents\ASM\ASM_Website\Images\2010_FS\DSCN1716019.jpg --> www.marylandarcheology.org /httpdocs/Images/2010_FS DSCN1716019.jpg
2010.05.31 13:51 B C:\Users\John\Documents\ASM\ASM_Website\Images\2010_FS\DSCN1722020.jpg --> www.marylandarcheology.org /httpdocs/Images/2010_FS DSCN1722020.jpg
2010.05.31 13:51 B C:\Users\John\Documents\ASM\ASM_Website\Images\2010_FS\DSCN1727021.jpg --> www.marylandarcheology.org /httpdocs/Images/2010_FS DSCN1727021.jpg
2010.05.31 13:51 B C:\Users\John\Documents\ASM\ASM_Website\Images\2010_FS\DSCN1729022.jpg --> www.marylandarcheology.org /httpdocs/Images/2010_FS DSCN1729022.jpg
2010.05.31 13:51 B C:\Users\John\Documents\ASM\ASM_Website\Images\2010_FS\DSCN1730023.jpg --> www.marylandarcheology.org /httpdocs/Images/2010_FS DSCN1730023.jpg
2010.05.31 13:51 B C:\Users\John\Documents\ASM\ASM_Website\Images\2010_FS\DSCN1731024.jpg --> www.marylandarcheology.org /httpdocs/Images/2010_FS DSCN1731024.jpg
2010.05.31 13:51 B C:\Users\John\Documents\ASM\ASM_Website\Images\2010_FS\DSCN1734025.jpg --> www.marylandarcheology.org /httpdocs/Images/2010_FS DSCN1734025.jpg
2010.05.31 13:51 B C:\Users\John\Documents\ASM\ASM_Website\Images\2010_FS\DSCN1739026.jpg --> www.marylandarcheology.org /httpdocs/Images/2010_FS DSCN1739026.jpg
2010.05.31 13:51 B C:\Users\John\Documents\ASM\ASM_Website\Images\2010_FS\DSCN1745027.jpg --> www.marylandarcheology.org /httpdocs/Images/2010_FS DSCN1745027.jpg
2010.05.31 13:51 B C:\Users\John\Documents\ASM\ASM_Website\Images\2010_FS\T-Shirt_Models.gif --> www.marylandarcheology.org /httpdocs/Images/2010_FS T-Shirt_Models.gif
2010.05.31 13:51 B C:\Users\John\Documents\ASM\ASM_Website\Images\2010_FS\T-Shirt_sm.gif --> www.marylandarcheology.org /httpdocs/Images/2010_FS T-Shirt_sm.gif
2010.05.31 13:51 B C:\Users\John\Documents\ASM\ASM_Website\Images\2010_FS\Thumbs.db --> www.marylandarcheology.org /httpdocs/Images/2010_FS Thumbs.db
2010.05.31 13:51 B C:\Users\John\Documents\ASM\ASM_Website\Images\2010_FS\WS_FTP.LOG --> www.marylandarcheology.org /httpdocs/Images/2010_FS WS_FTP.LOG
