2008.06.28 11:20 B C:\Program Files\Apache Group\Apache\htdocs\ArchWeb\Working Files\Images\2008_FS_CR\CR_T-Shirt.jpg --> www.marylandarcheology.org /httpdocs/Images/2008_FS_CR CR_T-Shirt.jpg
2008.06.28 17:39 B C:\Program Files\Apache Group\Apache\htdocs\ArchWeb\Working Files\Images\2008_FS_CR\2008_Claggett_001.jpg --> www.marylandarcheology.org /httpdocs/Images/2008_FS_CR 2008_Claggett_001.jpg
2008.06.28 17:39 B C:\Program Files\Apache Group\Apache\htdocs\ArchWeb\Working Files\Images\2008_FS_CR\2008_Claggett_005.jpg --> www.marylandarcheology.org /httpdocs/Images/2008_FS_CR 2008_Claggett_005.jpg
2008.06.28 17:39 B C:\Program Files\Apache Group\Apache\htdocs\ArchWeb\Working Files\Images\2008_FS_CR\2008_Claggett_010.jpg --> www.marylandarcheology.org /httpdocs/Images/2008_FS_CR 2008_Claggett_010.jpg
2008.06.28 17:39 B C:\Program Files\Apache Group\Apache\htdocs\ArchWeb\Working Files\Images\2008_FS_CR\2008_Claggett_012.jpg --> www.marylandarcheology.org /httpdocs/Images/2008_FS_CR 2008_Claggett_012.jpg
2008.06.28 17:39 B C:\Program Files\Apache Group\Apache\htdocs\ArchWeb\Working Files\Images\2008_FS_CR\2008_Claggett_014.jpg --> www.marylandarcheology.org /httpdocs/Images/2008_FS_CR 2008_Claggett_014.jpg
2008.06.28 17:39 B C:\Program Files\Apache Group\Apache\htdocs\ArchWeb\Working Files\Images\2008_FS_CR\2008_Claggett_018.jpg --> www.marylandarcheology.org /httpdocs/Images/2008_FS_CR 2008_Claggett_018.jpg
2008.06.28 17:39 B C:\Program Files\Apache Group\Apache\htdocs\ArchWeb\Working Files\Images\2008_FS_CR\2008_Claggett_020.jpg --> www.marylandarcheology.org /httpdocs/Images/2008_FS_CR 2008_Claggett_020.jpg
2008.06.28 17:39 B C:\Program Files\Apache Group\Apache\htdocs\ArchWeb\Working Files\Images\2008_FS_CR\2008_Claggett_030.jpg --> www.marylandarcheology.org /httpdocs/Images/2008_FS_CR 2008_Claggett_030.jpg
2008.06.28 17:39 B C:\Program Files\Apache Group\Apache\htdocs\ArchWeb\Working Files\Images\2008_FS_CR\2008_Claggett_035.jpg --> www.marylandarcheology.org /httpdocs/Images/2008_FS_CR 2008_Claggett_035.jpg
2008.06.28 17:39 B C:\Program Files\Apache Group\Apache\htdocs\ArchWeb\Working Files\Images\2008_FS_CR\2008_Claggett_037.jpg --> www.marylandarcheology.org /httpdocs/Images/2008_FS_CR 2008_Claggett_037.jpg
2008.06.28 17:39 B C:\Program Files\Apache Group\Apache\htdocs\ArchWeb\Working Files\Images\2008_FS_CR\2008_Claggett_040.jpg --> www.marylandarcheology.org /httpdocs/Images/2008_FS_CR 2008_Claggett_040.jpg
2008.06.28 17:39 B C:\Program Files\Apache Group\Apache\htdocs\ArchWeb\Working Files\Images\2008_FS_CR\2008_Claggett_B_016.jpg --> www.marylandarcheology.org /httpdocs/Images/2008_FS_CR 2008_Claggett_B_016.jpg
2008.06.28 17:39 B C:\Program Files\Apache Group\Apache\htdocs\ArchWeb\Working Files\Images\2008_FS_CR\2008_Claggett_B_024.jpg --> www.marylandarcheology.org /httpdocs/Images/2008_FS_CR 2008_Claggett_B_024.jpg
2008.06.28 17:39 B C:\Program Files\Apache Group\Apache\htdocs\ArchWeb\Working Files\Images\2008_FS_CR\2008_Claggett_B_028.jpg --> www.marylandarcheology.org /httpdocs/Images/2008_FS_CR 2008_Claggett_B_028.jpg
2008.06.28 17:39 B C:\Program Files\Apache Group\Apache\htdocs\ArchWeb\Working Files\Images\2008_FS_CR\2008_Claggett_B_032.jpg --> www.marylandarcheology.org /httpdocs/Images/2008_FS_CR 2008_Claggett_B_032.jpg
2008.06.28 17:39 B C:\Program Files\Apache Group\Apache\htdocs\ArchWeb\Working Files\Images\2008_FS_CR\2008_Claggett_B_038.jpg --> www.marylandarcheology.org /httpdocs/Images/2008_FS_CR 2008_Claggett_B_038.jpg
2008.06.28 17:39 B C:\Program Files\Apache Group\Apache\htdocs\ArchWeb\Working Files\Images\2008_FS_CR\2008_Claggett_C_001.jpg --> www.marylandarcheology.org /httpdocs/Images/2008_FS_CR 2008_Claggett_C_001.jpg
2008.06.28 17:39 B C:\Program Files\Apache Group\Apache\htdocs\ArchWeb\Working Files\Images\2008_FS_CR\2008_Claggett_C_006.jpg --> www.marylandarcheology.org /httpdocs/Images/2008_FS_CR 2008_Claggett_C_006.jpg
2008.06.28 17:39 B C:\Program Files\Apache Group\Apache\htdocs\ArchWeb\Working Files\Images\2008_FS_CR\2008_Claggett_C_007.jpg --> www.marylandarcheology.org /httpdocs/Images/2008_FS_CR 2008_Claggett_C_007.jpg
2008.06.28 17:39 B C:\Program Files\Apache Group\Apache\htdocs\ArchWeb\Working Files\Images\2008_FS_CR\2008_Claggett_C_019.jpg --> www.marylandarcheology.org /httpdocs/Images/2008_FS_CR 2008_Claggett_C_019.jpg
2008.06.28 17:39 B C:\Program Files\Apache Group\Apache\htdocs\ArchWeb\Working Files\Images\2008_FS_CR\2008_Claggett_C_022.jpg --> www.marylandarcheology.org /httpdocs/Images/2008_FS_CR 2008_Claggett_C_022.jpg
2008.06.28 17:39 B C:\Program Files\Apache Group\Apache\htdocs\ArchWeb\Working Files\Images\2008_FS_CR\2008_Claggett_C_023.jpg --> www.marylandarcheology.org /httpdocs/Images/2008_FS_CR 2008_Claggett_C_023.jpg
2008.06.28 17:39 B C:\Program Files\Apache Group\Apache\htdocs\ArchWeb\Working Files\Images\2008_FS_CR\2008_Claggett_C_028.jpg --> www.marylandarcheology.org /httpdocs/Images/2008_FS_CR 2008_Claggett_C_028.jpg
2008.06.28 17:39 B C:\Program Files\Apache Group\Apache\htdocs\ArchWeb\Working Files\Images\2008_FS_CR\2008_Claggett_D_006.jpg --> www.marylandarcheology.org /httpdocs/Images/2008_FS_CR 2008_Claggett_D_006.jpg
2008.06.28 17:39 B C:\Program Files\Apache Group\Apache\htdocs\ArchWeb\Working Files\Images\2008_FS_CR\2008_Claggett_D_016.jpg --> www.marylandarcheology.org /httpdocs/Images/2008_FS_CR 2008_Claggett_D_016.jpg
2008.06.28 17:39 B C:\Program Files\Apache Group\Apache\htdocs\ArchWeb\Working Files\Images\2008_FS_CR\2008_Claggett_D_025.jpg --> www.marylandarcheology.org /httpdocs/Images/2008_FS_CR 2008_Claggett_D_025.jpg
2008.06.28 17:39 B C:\Program Files\Apache Group\Apache\htdocs\ArchWeb\Working Files\Images\2008_FS_CR\2008_Claggett_D_030.jpg --> www.marylandarcheology.org /httpdocs/Images/2008_FS_CR 2008_Claggett_D_030.jpg
2008.06.28 17:39 B C:\Program Files\Apache Group\Apache\htdocs\ArchWeb\Working Files\Images\2008_FS_CR\2008_Claggett_D_031.jpg --> www.marylandarcheology.org /httpdocs/Images/2008_FS_CR 2008_Claggett_D_031.jpg
2009.12.26 14:41 B C:\Users\John\Documents\ASM\ASM_Website\Images\2008_FS_CR\WS_FTP.LOG <-- ASM_Website /httpdocs/Images/2008_FS_CR WS_FTP.LOG
