2009.12.26 14:36 B C:\Users\John\Documents\ASM\ASM_Website\Images\2004_FS\2004_FS_SC 001.jpg <-- ASM_Website /httpdocs/Images/2004_FS 2004_FS_SC 001.jpg
2009.12.26 14:36 B C:\Users\John\Documents\ASM\ASM_Website\Images\2004_FS\2004_FS_SC 002.jpg <-- ASM_Website /httpdocs/Images/2004_FS 2004_FS_SC 002.jpg
2009.12.26 14:36 B C:\Users\John\Documents\ASM\ASM_Website\Images\2004_FS\2004_FS_SC 004.jpg <-- ASM_Website /httpdocs/Images/2004_FS 2004_FS_SC 004.jpg
2009.12.26 14:36 B C:\Users\John\Documents\ASM\ASM_Website\Images\2004_FS\2004_FS_SC 008.jpg <-- ASM_Website /httpdocs/Images/2004_FS 2004_FS_SC 008.jpg
2009.12.26 14:36 B C:\Users\John\Documents\ASM\ASM_Website\Images\2004_FS\2004_FS_SC 011.jpg <-- ASM_Website /httpdocs/Images/2004_FS 2004_FS_SC 011.jpg
2009.12.26 14:36 B C:\Users\John\Documents\ASM\ASM_Website\Images\2004_FS\2004_FS_SC 013.jpg <-- ASM_Website /httpdocs/Images/2004_FS 2004_FS_SC 013.jpg
2009.12.26 14:36 B C:\Users\John\Documents\ASM\ASM_Website\Images\2004_FS\2004_FS_SC 014.jpg <-- ASM_Website /httpdocs/Images/2004_FS 2004_FS_SC 014.jpg
2009.12.26 14:36 B C:\Users\John\Documents\ASM\ASM_Website\Images\2004_FS\2004_FS_SC 024.jpg <-- ASM_Website /httpdocs/Images/2004_FS 2004_FS_SC 024.jpg
2009.12.26 14:37 B C:\Users\John\Documents\ASM\ASM_Website\Images\2004_FS\2004_FS_SC 026.jpg <-- ASM_Website /httpdocs/Images/2004_FS 2004_FS_SC 026.jpg
2009.12.26 14:37 B C:\Users\John\Documents\ASM\ASM_Website\Images\2004_FS\2004_FS_SC 035.jpg <-- ASM_Website /httpdocs/Images/2004_FS 2004_FS_SC 035.jpg
2009.12.26 14:37 B C:\Users\John\Documents\ASM\ASM_Website\Images\2004_FS\2004_FS_SC 040.jpg <-- ASM_Website /httpdocs/Images/2004_FS 2004_FS_SC 040.jpg
2009.12.26 14:37 B C:\Users\John\Documents\ASM\ASM_Website\Images\2004_FS\2004_FS_SC 050.jpg <-- ASM_Website /httpdocs/Images/2004_FS 2004_FS_SC 050.jpg
2009.12.26 14:37 B C:\Users\John\Documents\ASM\ASM_Website\Images\2004_FS\2004_FS_SC 053.jpg <-- ASM_Website /httpdocs/Images/2004_FS 2004_FS_SC 053.jpg
2009.12.26 14:37 B C:\Users\John\Documents\ASM\ASM_Website\Images\2004_FS\2004_FS_SC 054.jpg <-- ASM_Website /httpdocs/Images/2004_FS 2004_FS_SC 054.jpg
2009.12.26 14:37 B C:\Users\John\Documents\ASM\ASM_Website\Images\2004_FS\2004_FS_SC 055.jpg <-- ASM_Website /httpdocs/Images/2004_FS 2004_FS_SC 055.jpg
2009.12.26 14:37 B C:\Users\John\Documents\ASM\ASM_Website\Images\2004_FS\2004_FS_SC 056.jpg <-- ASM_Website /httpdocs/Images/2004_FS 2004_FS_SC 056.jpg
2009.12.26 14:37 B C:\Users\John\Documents\ASM\ASM_Website\Images\2004_FS\2004_FS_SC 071.jpg <-- ASM_Website /httpdocs/Images/2004_FS 2004_FS_SC 071.jpg
2009.12.26 14:37 B C:\Users\John\Documents\ASM\ASM_Website\Images\2004_FS\2004_FS_SC 074.jpg <-- ASM_Website /httpdocs/Images/2004_FS 2004_FS_SC 074.jpg
2009.12.26 14:37 B C:\Users\John\Documents\ASM\ASM_Website\Images\2004_FS\2004_FS_SC 075.jpg <-- ASM_Website /httpdocs/Images/2004_FS 2004_FS_SC 075.jpg
2009.12.26 14:37 B C:\Users\John\Documents\ASM\ASM_Website\Images\2004_FS\2004_FS_SC 083.jpg <-- ASM_Website /httpdocs/Images/2004_FS 2004_FS_SC 083.jpg
2009.12.26 14:37 B C:\Users\John\Documents\ASM\ASM_Website\Images\2004_FS\2004_FS_SC 084.jpg <-- ASM_Website /httpdocs/Images/2004_FS 2004_FS_SC 084.jpg
2009.12.26 14:37 B C:\Users\John\Documents\ASM\ASM_Website\Images\2004_FS\2004_FS_SC 089.jpg <-- ASM_Website /httpdocs/Images/2004_FS 2004_FS_SC 089.jpg
2009.12.26 14:37 B C:\Users\John\Documents\ASM\ASM_Website\Images\2004_FS\2004_FS_SC 091.jpg <-- ASM_Website /httpdocs/Images/2004_FS 2004_FS_SC 091.jpg
2009.12.26 14:37 B C:\Users\John\Documents\ASM\ASM_Website\Images\2004_FS\2004_FS_SC 096.jpg <-- ASM_Website /httpdocs/Images/2004_FS 2004_FS_SC 096.jpg
2009.12.26 14:37 B C:\Users\John\Documents\ASM\ASM_Website\Images\2004_FS\2004_FS_SC 110.jpg <-- ASM_Website /httpdocs/Images/2004_FS 2004_FS_SC 110.jpg
2009.12.26 14:37 B C:\Users\John\Documents\ASM\ASM_Website\Images\2004_FS\2004_FS_SC 117.jpg <-- ASM_Website /httpdocs/Images/2004_FS 2004_FS_SC 117.jpg
2009.12.26 14:37 B C:\Users\John\Documents\ASM\ASM_Website\Images\2004_FS\2004_FS_SC 121.jpg <-- ASM_Website /httpdocs/Images/2004_FS 2004_FS_SC 121.jpg
2009.12.26 14:37 B C:\Users\John\Documents\ASM\ASM_Website\Images\2004_FS\2004_FS_SC 127.jpg <-- ASM_Website /httpdocs/Images/2004_FS 2004_FS_SC 127.jpg
2009.12.26 14:37 B C:\Users\John\Documents\ASM\ASM_Website\Images\2004_FS\2004_FS_SC 129.jpg <-- ASM_Website /httpdocs/Images/2004_FS 2004_FS_SC 129.jpg
2009.12.26 14:37 B C:\Users\John\Documents\ASM\ASM_Website\Images\2004_FS\2004_FS_SC 136.jpg <-- ASM_Website /httpdocs/Images/2004_FS 2004_FS_SC 136.jpg
2009.12.26 14:37 B C:\Users\John\Documents\ASM\ASM_Website\Images\2004_FS\2004_FS_SC 143.jpg <-- ASM_Website /httpdocs/Images/2004_FS 2004_FS_SC 143.jpg
2009.12.26 14:37 B C:\Users\John\Documents\ASM\ASM_Website\Images\2004_FS\2004_FS_SC 152.jpg <-- ASM_Website /httpdocs/Images/2004_FS 2004_FS_SC 152.jpg
2009.12.26 14:37 B C:\Users\John\Documents\ASM\ASM_Website\Images\2004_FS\2004_FS_SC 153.jpg <-- ASM_Website /httpdocs/Images/2004_FS 2004_FS_SC 153.jpg
2009.12.26 14:37 B C:\Users\John\Documents\ASM\ASM_Website\Images\2004_FS\2004_FS_SC 154.jpg <-- ASM_Website /httpdocs/Images/2004_FS 2004_FS_SC 154.jpg
2009.12.26 14:37 B C:\Users\John\Documents\ASM\ASM_Website\Images\2004_FS\2004_FS_SC 163.jpg <-- ASM_Website /httpdocs/Images/2004_FS 2004_FS_SC 163.jpg
2009.12.26 14:37 B C:\Users\John\Documents\ASM\ASM_Website\Images\2004_FS\2004_FS_SC 169.jpg <-- ASM_Website /httpdocs/Images/2004_FS 2004_FS_SC 169.jpg
2009.12.26 14:37 B C:\Users\John\Documents\ASM\ASM_Website\Images\2004_FS\2004_FS_SC 174.jpg <-- ASM_Website /httpdocs/Images/2004_FS 2004_FS_SC 174.jpg
2009.12.26 14:37 B C:\Users\John\Documents\ASM\ASM_Website\Images\2004_FS\2004_FS_Swan_Cove 001_web.jpg <-- ASM_Website /httpdocs/Images/2004_FS 2004_FS_Swan_Cove 001_web.jpg
2009.12.26 14:37 B C:\Users\John\Documents\ASM\ASM_Website\Images\2004_FS\2004_FS_Swan_Cove 002_web.jpg <-- ASM_Website /httpdocs/Images/2004_FS 2004_FS_Swan_Cove 002_web.jpg
2009.12.26 14:37 B C:\Users\John\Documents\ASM\ASM_Website\Images\2004_FS\2004_FS_Swan_Cove 004_web.jpg <-- ASM_Website /httpdocs/Images/2004_FS 2004_FS_Swan_Cove 004_web.jpg
2009.12.26 14:37 B C:\Users\John\Documents\ASM\ASM_Website\Images\2004_FS\2004_FS_Swan_Cove 008_web.jpg <-- ASM_Website /httpdocs/Images/2004_FS 2004_FS_Swan_Cove 008_web.jpg
2009.12.26 14:37 B C:\Users\John\Documents\ASM\ASM_Website\Images\2004_FS\2004_FS_Swan_Cove 011_web.jpg <-- ASM_Website /httpdocs/Images/2004_FS 2004_FS_Swan_Cove 011_web.jpg
2009.12.26 14:37 B C:\Users\John\Documents\ASM\ASM_Website\Images\2004_FS\2004_FS_Swan_Cove 013_web.jpg <-- ASM_Website /httpdocs/Images/2004_FS 2004_FS_Swan_Cove 013_web.jpg
2009.12.26 14:37 B C:\Users\John\Documents\ASM\ASM_Website\Images\2004_FS\2004_FS_Swan_Cove 014_web.jpg <-- ASM_Website /httpdocs/Images/2004_FS 2004_FS_Swan_Cove 014_web.jpg
2009.12.26 14:37 B C:\Users\John\Documents\ASM\ASM_Website\Images\2004_FS\2004_FS_Swan_Cove 024_web.jpg <-- ASM_Website /httpdocs/Images/2004_FS 2004_FS_Swan_Cove 024_web.jpg
2009.12.26 14:37 B C:\Users\John\Documents\ASM\ASM_Website\Images\2004_FS\2004_FS_Swan_Cove 026_web.jpg <-- ASM_Website /httpdocs/Images/2004_FS 2004_FS_Swan_Cove 026_web.jpg
2009.12.26 14:37 B C:\Users\John\Documents\ASM\ASM_Website\Images\2004_FS\2004_FS_Swan_Cove 035_web.jpg <-- ASM_Website /httpdocs/Images/2004_FS 2004_FS_Swan_Cove 035_web.jpg
2009.12.26 14:37 B C:\Users\John\Documents\ASM\ASM_Website\Images\2004_FS\2004_FS_Swan_Cove 040_web.jpg <-- ASM_Website /httpdocs/Images/2004_FS 2004_FS_Swan_Cove 040_web.jpg
2009.12.26 14:37 B C:\Users\John\Documents\ASM\ASM_Website\Images\2004_FS\2004_FS_Swan_Cove 050_web.jpg <-- ASM_Website /httpdocs/Images/2004_FS 2004_FS_Swan_Cove 050_web.jpg
2009.12.26 14:37 B C:\Users\John\Documents\ASM\ASM_Website\Images\2004_FS\2004_FS_Swan_Cove 053_web.jpg <-- ASM_Website /httpdocs/Images/2004_FS 2004_FS_Swan_Cove 053_web.jpg
2009.12.26 14:37 B C:\Users\John\Documents\ASM\ASM_Website\Images\2004_FS\2004_FS_Swan_Cove 054_web.jpg <-- ASM_Website /httpdocs/Images/2004_FS 2004_FS_Swan_Cove 054_web.jpg
2009.12.26 14:37 B C:\Users\John\Documents\ASM\ASM_Website\Images\2004_FS\2004_FS_Swan_Cove 055_web.jpg <-- ASM_Website /httpdocs/Images/2004_FS 2004_FS_Swan_Cove 055_web.jpg
2009.12.26 14:38 B C:\Users\John\Documents\ASM\ASM_Website\Images\2004_FS\2004_FS_Swan_Cove 056_web.jpg <-- ASM_Website /httpdocs/Images/2004_FS 2004_FS_Swan_Cove 056_web.jpg
2009.12.26 14:38 B C:\Users\John\Documents\ASM\ASM_Website\Images\2004_FS\2004_FS_Swan_Cove 071_web.jpg <-- ASM_Website /httpdocs/Images/2004_FS 2004_FS_Swan_Cove 071_web.jpg
2009.12.26 14:38 B C:\Users\John\Documents\ASM\ASM_Website\Images\2004_FS\2004_FS_Swan_Cove 074_web.jpg <-- ASM_Website /httpdocs/Images/2004_FS 2004_FS_Swan_Cove 074_web.jpg
2009.12.26 14:38 B C:\Users\John\Documents\ASM\ASM_Website\Images\2004_FS\2004_FS_Swan_Cove 075_web.jpg <-- ASM_Website /httpdocs/Images/2004_FS 2004_FS_Swan_Cove 075_web.jpg
2009.12.26 14:38 B C:\Users\John\Documents\ASM\ASM_Website\Images\2004_FS\2004_FS_Swan_Cove 083_web.jpg <-- ASM_Website /httpdocs/Images/2004_FS 2004_FS_Swan_Cove 083_web.jpg
2009.12.26 14:38 B C:\Users\John\Documents\ASM\ASM_Website\Images\2004_FS\2004_FS_Swan_Cove 084_web.jpg <-- ASM_Website /httpdocs/Images/2004_FS 2004_FS_Swan_Cove 084_web.jpg
2009.12.26 14:38 B C:\Users\John\Documents\ASM\ASM_Website\Images\2004_FS\2004_FS_Swan_Cove 089_web.jpg <-- ASM_Website /httpdocs/Images/2004_FS 2004_FS_Swan_Cove 089_web.jpg
2009.12.26 14:38 B C:\Users\John\Documents\ASM\ASM_Website\Images\2004_FS\2004_FS_Swan_Cove 091_web.jpg <-- ASM_Website /httpdocs/Images/2004_FS 2004_FS_Swan_Cove 091_web.jpg
2009.12.26 14:38 B C:\Users\John\Documents\ASM\ASM_Website\Images\2004_FS\2004_FS_Swan_Cove 096_web.jpg <-- ASM_Website /httpdocs/Images/2004_FS 2004_FS_Swan_Cove 096_web.jpg
2009.12.26 14:38 B C:\Users\John\Documents\ASM\ASM_Website\Images\2004_FS\2004_FS_Swan_Cove 110_web.jpg <-- ASM_Website /httpdocs/Images/2004_FS 2004_FS_Swan_Cove 110_web.jpg
2009.12.26 14:38 B C:\Users\John\Documents\ASM\ASM_Website\Images\2004_FS\2004_FS_Swan_Cove 117_web.jpg <-- ASM_Website /httpdocs/Images/2004_FS 2004_FS_Swan_Cove 117_web.jpg
2009.12.26 14:38 B C:\Users\John\Documents\ASM\ASM_Website\Images\2004_FS\2004_FS_Swan_Cove 121_web.jpg <-- ASM_Website /httpdocs/Images/2004_FS 2004_FS_Swan_Cove 121_web.jpg
2009.12.26 14:38 B C:\Users\John\Documents\ASM\ASM_Website\Images\2004_FS\2004_FS_Swan_Cove 127_web.jpg <-- ASM_Website /httpdocs/Images/2004_FS 2004_FS_Swan_Cove 127_web.jpg
2009.12.26 14:38 B C:\Users\John\Documents\ASM\ASM_Website\Images\2004_FS\2004_FS_Swan_Cove 129_web.jpg <-- ASM_Website /httpdocs/Images/2004_FS 2004_FS_Swan_Cove 129_web.jpg
2009.12.26 14:38 B C:\Users\John\Documents\ASM\ASM_Website\Images\2004_FS\2004_FS_Swan_Cove 136_web.jpg <-- ASM_Website /httpdocs/Images/2004_FS 2004_FS_Swan_Cove 136_web.jpg
2009.12.26 14:38 B C:\Users\John\Documents\ASM\ASM_Website\Images\2004_FS\2004_FS_Swan_Cove 143_web.jpg <-- ASM_Website /httpdocs/Images/2004_FS 2004_FS_Swan_Cove 143_web.jpg
2009.12.26 14:38 B C:\Users\John\Documents\ASM\ASM_Website\Images\2004_FS\2004_FS_Swan_Cove 152_web.jpg <-- ASM_Website /httpdocs/Images/2004_FS 2004_FS_Swan_Cove 152_web.jpg
2009.12.26 14:38 B C:\Users\John\Documents\ASM\ASM_Website\Images\2004_FS\2004_FS_Swan_Cove 153_web.jpg <-- ASM_Website /httpdocs/Images/2004_FS 2004_FS_Swan_Cove 153_web.jpg
2009.12.26 14:38 B C:\Users\John\Documents\ASM\ASM_Website\Images\2004_FS\2004_FS_Swan_Cove 154_web.jpg <-- ASM_Website /httpdocs/Images/2004_FS 2004_FS_Swan_Cove 154_web.jpg
2009.12.26 14:38 B C:\Users\John\Documents\ASM\ASM_Website\Images\2004_FS\2004_FS_Swan_Cove 163_web.jpg <-- ASM_Website /httpdocs/Images/2004_FS 2004_FS_Swan_Cove 163_web.jpg
2009.12.26 14:38 B C:\Users\John\Documents\ASM\ASM_Website\Images\2004_FS\2004_FS_Swan_Cove 169_web.jpg <-- ASM_Website /httpdocs/Images/2004_FS 2004_FS_Swan_Cove 169_web.jpg
2009.12.26 14:38 B C:\Users\John\Documents\ASM\ASM_Website\Images\2004_FS\2004_FS_Swan_Cove 174_web.jpg <-- ASM_Website /httpdocs/Images/2004_FS 2004_FS_Swan_Cove 174_web.jpg
2009.12.26 14:38 B C:\Users\John\Documents\ASM\ASM_Website\Images\2004_FS\2004_FS_T-Shirt_SI_250.jpg <-- ASM_Website /httpdocs/Images/2004_FS 2004_FS_T-Shirt_SI_250.jpg
2009.12.26 14:38 B C:\Users\John\Documents\ASM\ASM_Website\Images\2004_FS\2004_Swan_Cove_T_Shirt__Layout.JPG <-- ASM_Website /httpdocs/Images/2004_FS 2004_Swan_Cove_T_Shirt__Layout.JPG
2009.12.26 14:38 B C:\Users\John\Documents\ASM\ASM_Website\Images\2004_FS\2004_Swan_Cove_T_Shirt__Layout_250.jpg <-- ASM_Website /httpdocs/Images/2004_FS 2004_Swan_Cove_T_Shirt__Layout_250.jpg
2009.12.26 14:38 B C:\Users\John\Documents\ASM\ASM_Website\Images\2004_FS\2004_Swan_Cove_T_Shirt__Layout_web.jpg <-- ASM_Website /httpdocs/Images/2004_FS 2004_Swan_Cove_T_Shirt__Layout_web.jpg
