2009.12.26 14:40 B C:\Users\John\Documents\ASM\ASM_Website\Images\2007_FS\2007_FS_19_May_001_WEB.jpg <-- ASM_Website /httpdocs/Images/2007_FS 2007_FS_19_May_001_WEB.jpg
2009.12.26 14:40 B C:\Users\John\Documents\ASM\ASM_Website\Images\2007_FS\2007_FS_19_May_007_WEB.jpg <-- ASM_Website /httpdocs/Images/2007_FS 2007_FS_19_May_007_WEB.jpg
2009.12.26 14:40 B C:\Users\John\Documents\ASM\ASM_Website\Images\2007_FS\2007_FS_19_May_008_WEB.jpg <-- ASM_Website /httpdocs/Images/2007_FS 2007_FS_19_May_008_WEB.jpg
2009.12.26 14:40 B C:\Users\John\Documents\ASM\ASM_Website\Images\2007_FS\2007_FS_19_May_012_WEB.jpg <-- ASM_Website /httpdocs/Images/2007_FS 2007_FS_19_May_012_WEB.jpg
2009.12.26 14:40 B C:\Users\John\Documents\ASM\ASM_Website\Images\2007_FS\2007_FS_19_May_019_WEB.jpg <-- ASM_Website /httpdocs/Images/2007_FS 2007_FS_19_May_019_WEB.jpg
2009.12.26 14:40 B C:\Users\John\Documents\ASM\ASM_Website\Images\2007_FS\2007_FS_19_May_022_WEB.jpg <-- ASM_Website /httpdocs/Images/2007_FS 2007_FS_19_May_022_WEB.jpg
2009.12.26 14:40 B C:\Users\John\Documents\ASM\ASM_Website\Images\2007_FS\2007_FS_19_May_025_WEB.jpg <-- ASM_Website /httpdocs/Images/2007_FS 2007_FS_19_May_025_WEB.jpg
2009.12.26 14:40 B C:\Users\John\Documents\ASM\ASM_Website\Images\2007_FS\2007_FS_20_May_001_WEB.jpg <-- ASM_Website /httpdocs/Images/2007_FS 2007_FS_20_May_001_WEB.jpg
2009.12.26 14:40 B C:\Users\John\Documents\ASM\ASM_Website\Images\2007_FS\2007_FS_20_May_003_WEB.jpg <-- ASM_Website /httpdocs/Images/2007_FS 2007_FS_20_May_003_WEB.jpg
2009.12.26 14:40 B C:\Users\John\Documents\ASM\ASM_Website\Images\2007_FS\2007_FS_20_May_004_WEB.jpg <-- ASM_Website /httpdocs/Images/2007_FS 2007_FS_20_May_004_WEB.jpg
2009.12.26 14:40 B C:\Users\John\Documents\ASM\ASM_Website\Images\2007_FS\2007_FS_20_May_006_WEB.jpg <-- ASM_Website /httpdocs/Images/2007_FS 2007_FS_20_May_006_WEB.jpg
2009.12.26 14:40 B C:\Users\John\Documents\ASM\ASM_Website\Images\2007_FS\2007_FS_21_May_007_WEB.jpg <-- ASM_Website /httpdocs/Images/2007_FS 2007_FS_21_May_007_WEB.jpg
2009.12.26 14:40 B C:\Users\John\Documents\ASM\ASM_Website\Images\2007_FS\2007_FS_22_May_014_WEB.jpg <-- ASM_Website /httpdocs/Images/2007_FS 2007_FS_22_May_014_WEB.jpg
2009.12.26 14:40 B C:\Users\John\Documents\ASM\ASM_Website\Images\2007_FS\2007_FS_22_May_018_WEB.jpg <-- ASM_Website /httpdocs/Images/2007_FS 2007_FS_22_May_018_WEB.jpg
2009.12.26 14:40 B C:\Users\John\Documents\ASM\ASM_Website\Images\2007_FS\2007_FS_22_May_021_WEB.jpg <-- ASM_Website /httpdocs/Images/2007_FS 2007_FS_22_May_021_WEB.jpg
2009.12.26 14:40 B C:\Users\John\Documents\ASM\ASM_Website\Images\2007_FS\2007_FS_26May_021_WEB.jpg <-- ASM_Website /httpdocs/Images/2007_FS 2007_FS_26May_021_WEB.jpg
2009.12.26 14:40 B C:\Users\John\Documents\ASM\ASM_Website\Images\2007_FS\2007_FS_26May_022_WEB.jpg <-- ASM_Website /httpdocs/Images/2007_FS 2007_FS_26May_022_WEB.jpg
2009.12.26 14:40 B C:\Users\John\Documents\ASM\ASM_Website\Images\2007_FS\2007_FS_26May_026_WEB.jpg <-- ASM_Website /httpdocs/Images/2007_FS 2007_FS_26May_026_WEB.jpg
2009.12.26 14:40 B C:\Users\John\Documents\ASM\ASM_Website\Images\2007_FS\2007_FS_26May_029_WEB.jpg <-- ASM_Website /httpdocs/Images/2007_FS 2007_FS_26May_029_WEB.jpg
2009.12.26 14:40 B C:\Users\John\Documents\ASM\ASM_Website\Images\2007_FS\2007_FS_26May_031_WEB.jpg <-- ASM_Website /httpdocs/Images/2007_FS 2007_FS_26May_031_WEB.jpg
2009.12.26 14:40 B C:\Users\John\Documents\ASM\ASM_Website\Images\2007_FS\2007_FS_26May_033_WEB.jpg <-- ASM_Website /httpdocs/Images/2007_FS 2007_FS_26May_033_WEB.jpg
2009.12.26 14:40 B C:\Users\John\Documents\ASM\ASM_Website\Images\2007_FS\2007_FS_26May_040_WEB.jpg <-- ASM_Website /httpdocs/Images/2007_FS 2007_FS_26May_040_WEB.jpg
2009.12.26 14:40 B C:\Users\John\Documents\ASM\ASM_Website\Images\2007_FS\2007_FS_26May_043_WEB.jpg <-- ASM_Website /httpdocs/Images/2007_FS 2007_FS_26May_043_WEB.jpg
2009.12.26 14:40 B C:\Users\John\Documents\ASM\ASM_Website\Images\2007_FS\2007_FS_26May_053_WEB.jpg <-- ASM_Website /httpdocs/Images/2007_FS 2007_FS_26May_053_WEB.jpg
2009.12.26 14:40 B C:\Users\John\Documents\ASM\ASM_Website\Images\2007_FS\2007_FS_26May_055_WEB.jpg <-- ASM_Website /httpdocs/Images/2007_FS 2007_FS_26May_055_WEB.jpg
2009.12.26 14:40 B C:\Users\John\Documents\ASM\ASM_Website\Images\2007_FS\2007_FS_26May_057_WEB.jpg <-- ASM_Website /httpdocs/Images/2007_FS 2007_FS_26May_057_WEB.jpg
2009.12.26 14:40 B C:\Users\John\Documents\ASM\ASM_Website\Images\2007_FS\2007_FS_27_May_002_WEB.jpg <-- ASM_Website /httpdocs/Images/2007_FS 2007_FS_27_May_002_WEB.jpg
2009.12.26 14:40 B C:\Users\John\Documents\ASM\ASM_Website\Images\2007_FS\2007_FS_27_May_004_WEB.jpg <-- ASM_Website /httpdocs/Images/2007_FS 2007_FS_27_May_004_WEB.jpg
2009.12.26 14:40 B C:\Users\John\Documents\ASM\ASM_Website\Images\2007_FS\2007_FS_27_May_008_WEB.jpg <-- ASM_Website /httpdocs/Images/2007_FS 2007_FS_27_May_008_WEB.jpg
2009.12.26 14:40 B C:\Users\John\Documents\ASM\ASM_Website\Images\2007_FS\2007_FS_27_May_014_WEB.jpg <-- ASM_Website /httpdocs/Images/2007_FS 2007_FS_27_May_014_WEB.jpg
2009.12.26 14:40 B C:\Users\John\Documents\ASM\ASM_Website\Images\2007_FS\2007_FS_27_May_015_WEB.jpg <-- ASM_Website /httpdocs/Images/2007_FS 2007_FS_27_May_015_WEB.jpg
2009.12.26 14:40 B C:\Users\John\Documents\ASM\ASM_Website\Images\2007_FS\2007_FS_27_May_016_WEB.jpg <-- ASM_Website /httpdocs/Images/2007_FS 2007_FS_27_May_016_WEB.jpg
2009.12.26 14:40 B C:\Users\John\Documents\ASM\ASM_Website\Images\2007_FS\2007_FS_27_May_020_WEB.jpg <-- ASM_Website /httpdocs/Images/2007_FS 2007_FS_27_May_020_WEB.jpg
2009.12.26 14:40 B C:\Users\John\Documents\ASM\ASM_Website\Images\2007_FS\2007_FS_27_May_025_WEB.jpg <-- ASM_Website /httpdocs/Images/2007_FS 2007_FS_27_May_025_WEB.jpg
2009.12.26 14:40 B C:\Users\John\Documents\ASM\ASM_Website\Images\2007_FS\2007_FS_27_May_038_WEB.jpg <-- ASM_Website /httpdocs/Images/2007_FS 2007_FS_27_May_038_WEB.jpg
2009.12.26 14:40 B C:\Users\John\Documents\ASM\ASM_Website\Images\2007_FS\2007_FS_27_May_041_WEB.jpg <-- ASM_Website /httpdocs/Images/2007_FS 2007_FS_27_May_041_WEB.jpg
2009.12.26 14:40 B C:\Users\John\Documents\ASM\ASM_Website\Images\2007_FS\2007_FS_28_May_003_WEB.jpg <-- ASM_Website /httpdocs/Images/2007_FS 2007_FS_28_May_003_WEB.jpg
2009.12.26 14:40 B C:\Users\John\Documents\ASM\ASM_Website\Images\2007_FS\2007_FS_28_May_007_WEB.jpg <-- ASM_Website /httpdocs/Images/2007_FS 2007_FS_28_May_007_WEB.jpg
2009.12.26 14:40 B C:\Users\John\Documents\ASM\ASM_Website\Images\2007_FS\2007_FS_28_May_008_WEB.jpg <-- ASM_Website /httpdocs/Images/2007_FS 2007_FS_28_May_008_WEB.jpg
2009.12.26 14:40 B C:\Users\John\Documents\ASM\ASM_Website\Images\2007_FS\2007_FS_28_May_012_WEB.jpg <-- ASM_Website /httpdocs/Images/2007_FS 2007_FS_28_May_012_WEB.jpg
2009.12.26 14:40 B C:\Users\John\Documents\ASM\ASM_Website\Images\2007_FS\2007_FS_28_May_014_WEB.jpg <-- ASM_Website /httpdocs/Images/2007_FS 2007_FS_28_May_014_WEB.jpg
2009.12.26 14:40 B C:\Users\John\Documents\ASM\ASM_Website\Images\2007_FS\2007_FS_28_May_018_WEB.jpg <-- ASM_Website /httpdocs/Images/2007_FS 2007_FS_28_May_018_WEB.jpg
2009.12.26 14:41 B C:\Users\John\Documents\ASM\ASM_Website\Images\2007_FS\2007_FS_28_May_029_WEB.jpg <-- ASM_Website /httpdocs/Images/2007_FS 2007_FS_28_May_029_WEB.jpg
2009.12.26 14:41 B C:\Users\John\Documents\ASM\ASM_Website\Images\2007_FS\2007_FS_28_May_034_WEB.jpg <-- ASM_Website /httpdocs/Images/2007_FS 2007_FS_28_May_034_WEB.jpg
2009.12.26 14:41 B C:\Users\John\Documents\ASM\ASM_Website\Images\2007_FS\2007_FS_T-Shirt.jpg <-- ASM_Website /httpdocs/Images/2007_FS 2007_FS_T-Shirt.jpg
2009.12.26 14:41 B C:\Users\John\Documents\ASM\ASM_Website\Images\2007_FS\2007_T-Shirt_001.jpg <-- ASM_Website /httpdocs/Images/2007_FS 2007_T-Shirt_001.jpg
2009.12.26 14:41 B C:\Users\John\Documents\ASM\ASM_Website\Images\2007_FS\2007_T-Shirt_001_Model.jpg <-- ASM_Website /httpdocs/Images/2007_FS 2007_T-Shirt_001_Model.jpg
2009.12.26 14:41 B C:\Users\John\Documents\ASM\ASM_Website\Images\2007_FS\Spencer_WEB.jpg <-- ASM_Website /httpdocs/Images/2007_FS Spencer_WEB.jpg
2009.12.26 14:41 B C:\Users\John\Documents\ASM\ASM_Website\Images\2007_FS\Swomley_Collection_019_WEB.jpg <-- ASM_Website /httpdocs/Images/2007_FS Swomley_Collection_019_WEB.jpg
2009.12.26 14:41 B C:\Users\John\Documents\ASM\ASM_Website\Images\2007_FS\Swomley_Collection_030_WEB.jpg <-- ASM_Website /httpdocs/Images/2007_FS Swomley_Collection_030_WEB.jpg
2009.12.26 14:41 B C:\Users\John\Documents\ASM\ASM_Website\Images\2007_FS\Swomley_Panorama_Clone_Layered.gif <-- ASM_Website /httpdocs/Images/2007_FS Swomley_Panorama_Clone_Layered.gif
2009.12.26 14:41 B C:\Users\John\Documents\ASM\ASM_Website\Images\2007_FS\Swomley_Panorama_WEB.jpg <-- ASM_Website /httpdocs/Images/2007_FS Swomley_Panorama_WEB.jpg
2009.12.26 14:41 B C:\Users\John\Documents\ASM\ASM_Website\Images\2007_FS\Thumbs.db <-- ASM_Website /httpdocs/Images/2007_FS Thumbs.db
