2006.05.14 09:59 B C:\Program Files\Apache Group\Apache\htdocs\ArchWeb\Working Files\Images\2005_FS\Day_2_Opening_New_Unit_T.gif --> www.marylandarcheology.org /httpdocs/Images/2005_FS Day_2_Opening_New_Unit_T.gif
2006.05.14 09:59 B C:\Program Files\Apache Group\Apache\htdocs\ArchWeb\Working Files\Images\2005_FS\Day_2_VeronicaLathroum_Scre.gif --> www.marylandarcheology.org /httpdocs/Images/2005_FS Day_2_VeronicaLathroum_Scre.gif
2006.05.14 09:59 B C:\Program Files\Apache Group\Apache\htdocs\ArchWeb\Working Files\Images\2005_FS\Day_2_VeronicaLathroum_Scre.jpg --> www.marylandarcheology.org /httpdocs/Images/2005_FS Day_2_VeronicaLathroum_Scre.jpg
2006.05.14 09:59 B C:\Program Files\Apache Group\Apache\htdocs\ArchWeb\Working Files\Images\2005_FS\Day_2_Work_Starts_in_Lab.jpg --> www.marylandarcheology.org /httpdocs/Images/2005_FS Day_2_Work_Starts_in_Lab.jpg
2006.05.14 09:59 B C:\Program Files\Apache Group\Apache\htdocs\ArchWeb\Working Files\Images\2005_FS\Day_2_Work_Starts_in_Lab_T.gif --> www.marylandarcheology.org /httpdocs/Images/2005_FS Day_2_Work_Starts_in_Lab_T.gif
2006.05.14 09:59 B C:\Program Files\Apache Group\Apache\htdocs\ArchWeb\Working Files\Images\2005_FS\Day_3_Artifacts_From_Featur.gif --> www.marylandarcheology.org /httpdocs/Images/2005_FS Day_3_Artifacts_From_Featur.gif
2006.05.14 09:59 B C:\Program Files\Apache Group\Apache\htdocs\ArchWeb\Working Files\Images\2005_FS\Day_3_Artifacts_From_Featur.jpg --> www.marylandarcheology.org /httpdocs/Images/2005_FS Day_3_Artifacts_From_Featur.jpg
2006.05.14 09:59 B C:\Program Files\Apache Group\Apache\htdocs\ArchWeb\Working Files\Images\2005_FS\Day_3_Elaine_Hall.gif --> www.marylandarcheology.org /httpdocs/Images/2005_FS Day_3_Elaine_Hall.gif
2006.05.14 09:59 B C:\Program Files\Apache Group\Apache\htdocs\ArchWeb\Working Files\Images\2005_FS\Day_3_Elaine_Hall.jpg --> www.marylandarcheology.org /httpdocs/Images/2005_FS Day_3_Elaine_Hall.jpg
2006.05.14 09:59 B C:\Program Files\Apache Group\Apache\htdocs\ArchWeb\Working Files\Images\2005_FS\Day_3_Elaine_Hall_T.gif --> www.marylandarcheology.org /httpdocs/Images/2005_FS Day_3_Elaine_Hall_T.gif
2006.05.14 09:59 B C:\Program Files\Apache Group\Apache\htdocs\ArchWeb\Working Files\Images\2005_FS\Day_3_Feature_18_Open_Strat.gif --> www.marylandarcheology.org /httpdocs/Images/2005_FS Day_3_Feature_18_Open_Strat.gif
2006.05.14 09:59 B C:\Program Files\Apache Group\Apache\htdocs\ArchWeb\Working Files\Images\2005_FS\Day_3_Feature_18_Open_Strat.jpg --> www.marylandarcheology.org /httpdocs/Images/2005_FS Day_3_Feature_18_Open_Strat.jpg
2006.05.14 09:59 B C:\Program Files\Apache Group\Apache\htdocs\ArchWeb\Working Files\Images\2005_FS\Day_3_Feature_18_Reopening_.gif --> www.marylandarcheology.org /httpdocs/Images/2005_FS Day_3_Feature_18_Reopening_.gif
2006.05.14 09:59 B C:\Program Files\Apache Group\Apache\htdocs\ArchWeb\Working Files\Images\2005_FS\Day_3_Feature_18_Reopening_.jpg --> www.marylandarcheology.org /httpdocs/Images/2005_FS Day_3_Feature_18_Reopening_.jpg
2006.05.14 10:00 B C:\Program Files\Apache Group\Apache\htdocs\ArchWeb\Working Files\Images\2005_FS\Day_3_Feature_25_Dave_Gadsb.gif --> www.marylandarcheology.org /httpdocs/Images/2005_FS Day_3_Feature_25_Dave_Gadsb.gif
2006.05.14 10:00 B C:\Program Files\Apache Group\Apache\htdocs\ArchWeb\Working Files\Images\2005_FS\Day_3_Feature_25_Dave_Gadsb.jpg --> www.marylandarcheology.org /httpdocs/Images/2005_FS Day_3_Feature_25_Dave_Gadsb.jpg
2006.05.14 10:00 B C:\Program Files\Apache Group\Apache\htdocs\ArchWeb\Working Files\Images\2005_FS\Day_4_Lecture_Province.jpg --> www.marylandarcheology.org /httpdocs/Images/2005_FS Day_4_Lecture_Province.jpg
2006.05.14 10:00 B C:\Program Files\Apache Group\Apache\htdocs\ArchWeb\Working Files\Images\2005_FS\Day_4_Lecture_Province_T.gif --> www.marylandarcheology.org /httpdocs/Images/2005_FS Day_4_Lecture_Province_T.gif
2006.05.14 10:00 B C:\Program Files\Apache Group\Apache\htdocs\ArchWeb\Working Files\Images\2005_FS\Day_4_Mapping_Artifacts_2.jpg --> www.marylandarcheology.org /httpdocs/Images/2005_FS Day_4_Mapping_Artifacts_2.jpg
2006.05.14 10:00 B C:\Program Files\Apache Group\Apache\htdocs\ArchWeb\Working Files\Images\2005_FS\Day_4_Mapping_Artifacts_2_T.gif --> www.marylandarcheology.org /httpdocs/Images/2005_FS Day_4_Mapping_Artifacts_2_T.gif
2006.05.14 10:00 B C:\Program Files\Apache Group\Apache\htdocs\ArchWeb\Working Files\Images\2005_FS\Day_4_Mapping_Artifacts_in_.gif --> www.marylandarcheology.org /httpdocs/Images/2005_FS Day_4_Mapping_Artifacts_in_.gif
2006.05.14 10:00 B C:\Program Files\Apache Group\Apache\htdocs\ArchWeb\Working Files\Images\2005_FS\Day_4_Mapping_Artifacts_in_.jpg --> www.marylandarcheology.org /httpdocs/Images/2005_FS Day_4_Mapping_Artifacts_in_.jpg
2006.05.14 10:00 B C:\Program Files\Apache Group\Apache\htdocs\ArchWeb\Working Files\Images\2005_FS\Day_4_Photographing_F18.jpg --> www.marylandarcheology.org /httpdocs/Images/2005_FS Day_4_Photographing_F18.jpg
2006.05.14 10:00 B C:\Program Files\Apache Group\Apache\htdocs\ArchWeb\Working Files\Images\2005_FS\Day_4_Photographing_F18_T.gif --> www.marylandarcheology.org /httpdocs/Images/2005_FS Day_4_Photographing_F18_T.gif
2006.05.14 10:00 B C:\Program Files\Apache Group\Apache\htdocs\ArchWeb\Working Files\Images\2005_FS\Day_4_Soil_Color_Determinat.gif --> www.marylandarcheology.org /httpdocs/Images/2005_FS Day_4_Soil_Color_Determinat.gif
2006.05.14 10:00 B C:\Program Files\Apache Group\Apache\htdocs\ArchWeb\Working Files\Images\2005_FS\Day_4_Soil_Color_Determinat.jpg --> www.marylandarcheology.org /httpdocs/Images/2005_FS Day_4_Soil_Color_Determinat.jpg
2006.05.14 10:00 B C:\Program Files\Apache Group\Apache\htdocs\ArchWeb\Working Files\Images\2005_FS\Day_5_Seal_Spoon_1.jpg --> www.marylandarcheology.org /httpdocs/Images/2005_FS Day_5_Seal_Spoon_1.jpg
2006.05.14 10:00 B C:\Program Files\Apache Group\Apache\htdocs\ArchWeb\Working Files\Images\2005_FS\Day_5_Seal_Spoon_1_T.gif --> www.marylandarcheology.org /httpdocs/Images/2005_FS Day_5_Seal_Spoon_1_T.gif
2006.05.14 10:00 B C:\Program Files\Apache Group\Apache\htdocs\ArchWeb\Working Files\Images\2005_FS\Day_7_Feature_18_1.jpg --> www.marylandarcheology.org /httpdocs/Images/2005_FS Day_7_Feature_18_1.jpg
2006.05.14 10:00 B C:\Program Files\Apache Group\Apache\htdocs\ArchWeb\Working Files\Images\2005_FS\Day_7_Feature_18_1_T.gif --> www.marylandarcheology.org /httpdocs/Images/2005_FS Day_7_Feature_18_1_T.gif
2006.05.14 10:00 B C:\Program Files\Apache Group\Apache\htdocs\ArchWeb\Working Files\Images\2005_FS\Day_7_Feature_25.jpg --> www.marylandarcheology.org /httpdocs/Images/2005_FS Day_7_Feature_25.jpg
2006.05.14 10:00 B C:\Program Files\Apache Group\Apache\htdocs\ArchWeb\Working Files\Images\2005_FS\Day_7_Feature_25_T.gif --> www.marylandarcheology.org /httpdocs/Images/2005_FS Day_7_Feature_25_T.gif
2006.05.14 10:00 B C:\Program Files\Apache Group\Apache\htdocs\ArchWeb\Working Files\Images\2005_FS\Day_7_Harry_Lectures.jpg --> www.marylandarcheology.org /httpdocs/Images/2005_FS Day_7_Harry_Lectures.jpg
2006.05.14 10:00 B C:\Program Files\Apache Group\Apache\htdocs\ArchWeb\Working Files\Images\2005_FS\Day_7_Harry_Lectures_T.gif --> www.marylandarcheology.org /httpdocs/Images/2005_FS Day_7_Harry_Lectures_T.gif
2006.05.14 10:00 B C:\Program Files\Apache Group\Apache\htdocs\ArchWeb\Working Files\Images\2005_FS\Day_7_Milk_Pan.jpg --> www.marylandarcheology.org /httpdocs/Images/2005_FS Day_7_Milk_Pan.jpg
2006.05.14 10:00 B C:\Program Files\Apache Group\Apache\htdocs\ArchWeb\Working Files\Images\2005_FS\Day_7_Milk_Pan_T.gif --> www.marylandarcheology.org /httpdocs/Images/2005_FS Day_7_Milk_Pan_T.gif
2006.05.14 10:00 B C:\Program Files\Apache Group\Apache\htdocs\ArchWeb\Working Files\Images\2005_FS\Day_7_Oyster_Shells.jpg --> www.marylandarcheology.org /httpdocs/Images/2005_FS Day_7_Oyster_Shells.jpg
2006.05.14 10:00 B C:\Program Files\Apache Group\Apache\htdocs\ArchWeb\Working Files\Images\2005_FS\Day_7_Oyster_Shells_T.gif --> www.marylandarcheology.org /httpdocs/Images/2005_FS Day_7_Oyster_Shells_T.gif
2006.05.14 10:00 B C:\Program Files\Apache Group\Apache\htdocs\ArchWeb\Working Files\Images\2005_FS\Day_7_Pipestem_with_MakerMa.gif --> www.marylandarcheology.org /httpdocs/Images/2005_FS Day_7_Pipestem_with_MakerMa.gif
2006.05.14 10:00 B C:\Program Files\Apache Group\Apache\htdocs\ArchWeb\Working Files\Images\2005_FS\Day_7_Pipestem_with_MakerMa.jpg --> www.marylandarcheology.org /httpdocs/Images/2005_FS Day_7_Pipestem_with_MakerMa.jpg
2006.05.14 10:00 B C:\Program Files\Apache Group\Apache\htdocs\ArchWeb\Working Files\Images\2005_FS\Day_7_Screen_Artifacts.jpg --> www.marylandarcheology.org /httpdocs/Images/2005_FS Day_7_Screen_Artifacts.jpg
2006.05.14 10:00 B C:\Program Files\Apache Group\Apache\htdocs\ArchWeb\Working Files\Images\2005_FS\Day_7_Screen_Artifacts_T.gif --> www.marylandarcheology.org /httpdocs/Images/2005_FS Day_7_Screen_Artifacts_T.gif
2006.05.14 10:00 B C:\Program Files\Apache Group\Apache\htdocs\ArchWeb\Working Files\Images\2005_FS\Day_7_Tobacco_Tin.jpg --> www.marylandarcheology.org /httpdocs/Images/2005_FS Day_7_Tobacco_Tin.jpg
2006.05.14 10:00 B C:\Program Files\Apache Group\Apache\htdocs\ArchWeb\Working Files\Images\2005_FS\Day_7_Tobacco_Tin_T.gif --> www.marylandarcheology.org /httpdocs/Images/2005_FS Day_7_Tobacco_Tin_T.gif
2006.05.14 10:01 B C:\Program Files\Apache Group\Apache\htdocs\ArchWeb\Working Files\Images\2005_FS\Day_8_Dividers.jpg --> www.marylandarcheology.org /httpdocs/Images/2005_FS Day_8_Dividers.jpg
2006.05.14 10:01 B C:\Program Files\Apache Group\Apache\htdocs\ArchWeb\Working Files\Images\2005_FS\Day_8_Dividers_T.gif --> www.marylandarcheology.org /httpdocs/Images/2005_FS Day_8_Dividers_T.gif
2006.05.14 10:01 B C:\Program Files\Apache Group\Apache\htdocs\ArchWeb\Working Files\Images\2005_FS\Day_8_Measuring.jpg --> www.marylandarcheology.org /httpdocs/Images/2005_FS Day_8_Measuring.jpg
2006.05.14 10:01 B C:\Program Files\Apache Group\Apache\htdocs\ArchWeb\Working Files\Images\2005_FS\Day_8_Measuring_T.gif --> www.marylandarcheology.org /httpdocs/Images/2005_FS Day_8_Measuring_T.gif
2006.05.14 10:01 B C:\Program Files\Apache Group\Apache\htdocs\ArchWeb\Working Files\Images\2005_FS\Day_8_Trefoil_Spoon.jpg --> www.marylandarcheology.org /httpdocs/Images/2005_FS Day_8_Trefoil_Spoon.jpg
2006.05.14 10:01 B C:\Program Files\Apache Group\Apache\htdocs\ArchWeb\Working Files\Images\2005_FS\Day_8_Trefoil_Spoon_T.gif --> www.marylandarcheology.org /httpdocs/Images/2005_FS Day_8_Trefoil_Spoon_T.gif
2006.05.14 10:01 B C:\Program Files\Apache Group\Apache\htdocs\ArchWeb\Working Files\Images\2005_FS\Day_9_Group.jpg --> www.marylandarcheology.org /httpdocs/Images/2005_FS Day_9_Group.jpg
2006.05.14 10:01 B C:\Program Files\Apache Group\Apache\htdocs\ArchWeb\Working Files\Images\2005_FS\Day_9_Group_T.gif --> www.marylandarcheology.org /httpdocs/Images/2005_FS Day_9_Group_T.gif
2006.05.14 10:01 B C:\Program Files\Apache Group\Apache\htdocs\ArchWeb\Working Files\Images\2005_FS\Day_9_Group_with_Jane1.jpg --> www.marylandarcheology.org /httpdocs/Images/2005_FS Day_9_Group_with_Jane1.jpg
2006.05.14 10:01 B C:\Program Files\Apache Group\Apache\htdocs\ArchWeb\Working Files\Images\2005_FS\Day_9_Group_with_Jane1_T.gif --> www.marylandarcheology.org /httpdocs/Images/2005_FS Day_9_Group_with_Jane1_T.gif
2006.05.14 10:01 B C:\Program Files\Apache Group\Apache\htdocs\ArchWeb\Working Files\Images\2005_FS\Day_9_Group_with_Jane2.jpg --> www.marylandarcheology.org /httpdocs/Images/2005_FS Day_9_Group_with_Jane2.jpg
2006.05.14 10:01 B C:\Program Files\Apache Group\Apache\htdocs\ArchWeb\Working Files\Images\2005_FS\Day_9_Group_with_Jane2_T.gif --> www.marylandarcheology.org /httpdocs/Images/2005_FS Day_9_Group_with_Jane2_T.gif
2006.05.14 10:01 B C:\Program Files\Apache Group\Apache\htdocs\ArchWeb\Working Files\Images\2005_FS\Day_9_Marking_Bags.jpg --> www.marylandarcheology.org /httpdocs/Images/2005_FS Day_9_Marking_Bags.jpg
2006.05.14 10:01 B C:\Program Files\Apache Group\Apache\htdocs\ArchWeb\Working Files\Images\2005_FS\Day_9_Marking_Bags_T.gif --> www.marylandarcheology.org /httpdocs/Images/2005_FS Day_9_Marking_Bags_T.gif
2006.05.14 10:01 B C:\Program Files\Apache Group\Apache\htdocs\ArchWeb\Working Files\Images\2005_FS\Day_9_Overall_Site.jpg --> www.marylandarcheology.org /httpdocs/Images/2005_FS Day_9_Overall_Site.jpg
2006.05.14 10:01 B C:\Program Files\Apache Group\Apache\htdocs\ArchWeb\Working Files\Images\2005_FS\Day_9_Overall_Site_T.gif --> www.marylandarcheology.org /httpdocs/Images/2005_FS Day_9_Overall_Site_T.gif
2006.05.14 10:01 B C:\Program Files\Apache Group\Apache\htdocs\ArchWeb\Working Files\Images\2005_FS\Day_9_Pipe_with_Rod.jpg --> www.marylandarcheology.org /httpdocs/Images/2005_FS Day_9_Pipe_with_Rod.jpg
2006.05.14 10:01 B C:\Program Files\Apache Group\Apache\htdocs\ArchWeb\Working Files\Images\2005_FS\Day_9_Pipe_with_Rod_T.gif --> www.marylandarcheology.org /httpdocs/Images/2005_FS Day_9_Pipe_with_Rod_T.gif
2006.05.14 10:01 B C:\Program Files\Apache Group\Apache\htdocs\ArchWeb\Working Files\Images\2005_FS\Day_9_Screening_1.jpg --> www.marylandarcheology.org /httpdocs/Images/2005_FS Day_9_Screening_1.jpg
2006.05.14 10:02 B C:\Program Files\Apache Group\Apache\htdocs\ArchWeb\Working Files\Images\2005_FS\Day_9_Screening_1_T.gif --> www.marylandarcheology.org /httpdocs/Images/2005_FS Day_9_Screening_1_T.gif
2006.05.14 10:02 B C:\Program Files\Apache Group\Apache\htdocs\ArchWeb\Working Files\Images\2005_FS\Day_9_Social_1.jpg --> www.marylandarcheology.org /httpdocs/Images/2005_FS Day_9_Social_1.jpg
2006.05.14 10:02 B C:\Program Files\Apache Group\Apache\htdocs\ArchWeb\Working Files\Images\2005_FS\Day_9_Social_1_T.gif --> www.marylandarcheology.org /httpdocs/Images/2005_FS Day_9_Social_1_T.gif
2006.05.14 10:02 B C:\Program Files\Apache Group\Apache\htdocs\ArchWeb\Working Files\Images\2005_FS\Newton_Dennis_at_Screen.jpg --> www.marylandarcheology.org /httpdocs/Images/2005_FS Newton_Dennis_at_Screen.jpg
2006.05.14 10:02 B C:\Program Files\Apache Group\Apache\htdocs\ArchWeb\Working Files\Images\2005_FS\Newton_Erin_at_Screen.jpg --> www.marylandarcheology.org /httpdocs/Images/2005_FS Newton_Erin_at_Screen.jpg
2006.05.14 10:02 B C:\Program Files\Apache Group\Apache\htdocs\ArchWeb\Working Files\Images\2005_FS\Newton_Mechelle_Maps_with_C.jpg --> www.marylandarcheology.org /httpdocs/Images/2005_FS Newton_Mechelle_Maps_with_C.jpg
2006.05.14 10:42 B C:\Program Files\Apache Group\Apache\htdocs\ArchWeb\Working Files\Images\2005_FS\2005_FS_Shirt.jpg <-- ASM_Website /httpdocs/Images/2005_FS 2005_FS_Shirt.jpg
2007.02.04 14:44 B C:\Program Files\Apache Group\Apache\htdocs\ArchWeb\Working Files\Images\2005_FS\2005_FS_T_250_BB.jpg --> www.marylandarcheology.org /httpdocs/Images/2005_FS 2005_FS_T_250_BB.jpg
2008.10.04 16:59 B C:\Program Files\Apache Group\Apache\htdocs\ArchWeb\Working Files\Images\2005_FS\2005_FS_Shirt.jpg --> www.marylandarcheology.org /httpdocs/Images/2005_FS 2005_FS_Shirt.jpg
2008.10.04 16:59 B C:\Program Files\Apache Group\Apache\htdocs\ArchWeb\Working Files\Images\2005_FS\2005_FS_T_250_BB.jpg --> www.marylandarcheology.org /httpdocs/Images/2005_FS 2005_FS_T_250_BB.jpg
2008.10.04 16:59 B C:\Program Files\Apache Group\Apache\htdocs\ArchWeb\Working Files\Images\2005_FS\Day_9_Overall_Site_T.gif --> www.marylandarcheology.org /httpdocs/Images/2005_FS Day_9_Overall_Site_T.gif
2008.10.04 16:59 B C:\Program Files\Apache Group\Apache\htdocs\ArchWeb\Working Files\Images\2005_FS\Day_9_Pipe_with_Rod.jpg --> www.marylandarcheology.org /httpdocs/Images/2005_FS Day_9_Pipe_with_Rod.jpg
2008.10.04 16:59 B C:\Program Files\Apache Group\Apache\htdocs\ArchWeb\Working Files\Images\2005_FS\Day_9_Pipe_with_Rod_T.gif --> www.marylandarcheology.org /httpdocs/Images/2005_FS Day_9_Pipe_with_Rod_T.gif
2008.10.04 16:59 B C:\Program Files\Apache Group\Apache\htdocs\ArchWeb\Working Files\Images\2005_FS\Day_9_Screening_1.jpg --> www.marylandarcheology.org /httpdocs/Images/2005_FS Day_9_Screening_1.jpg
2008.10.04 16:59 B C:\Program Files\Apache Group\Apache\htdocs\ArchWeb\Working Files\Images\2005_FS\Day_9_Screening_1_T.gif --> www.marylandarcheology.org /httpdocs/Images/2005_FS Day_9_Screening_1_T.gif
2008.10.04 16:59 B C:\Program Files\Apache Group\Apache\htdocs\ArchWeb\Working Files\Images\2005_FS\Day_9_Social_1.jpg --> www.marylandarcheology.org /httpdocs/Images/2005_FS Day_9_Social_1.jpg
2008.10.04 16:59 B C:\Program Files\Apache Group\Apache\htdocs\ArchWeb\Working Files\Images\2005_FS\Day_9_Social_1_T.gif --> www.marylandarcheology.org /httpdocs/Images/2005_FS Day_9_Social_1_T.gif
2008.10.04 16:59 B C:\Program Files\Apache Group\Apache\htdocs\ArchWeb\Working Files\Images\2005_FS\Newton_Dennis_at_Screen.jpg --> www.marylandarcheology.org /httpdocs/Images/2005_FS Newton_Dennis_at_Screen.jpg
2008.10.04 16:59 B C:\Program Files\Apache Group\Apache\htdocs\ArchWeb\Working Files\Images\2005_FS\Newton_Erin_at_Screen.jpg --> www.marylandarcheology.org /httpdocs/Images/2005_FS Newton_Erin_at_Screen.jpg
2008.10.04 16:59 B C:\Program Files\Apache Group\Apache\htdocs\ArchWeb\Working Files\Images\2005_FS\Newton_Mechelle_Maps_with_C.jpg --> www.marylandarcheology.org /httpdocs/Images/2005_FS Newton_Mechelle_Maps_with_C.jpg
2008.10.04 16:59 B C:\Program Files\Apache Group\Apache\htdocs\ArchWeb\Working Files\Images\2005_FS\Thumbs.db --> www.marylandarcheology.org /httpdocs/Images/2005_FS Thumbs.db
2009.12.26 14:39 B C:\Users\John\Documents\ASM\ASM_Website\Images\2005_FS\WS_FTP.LOG <-- ASM_Website /httpdocs/Images/2005_FS WS_FTP.LOG
