2008.06.28 11:20 B C:\Program Files\Apache Group\Apache\htdocs\ArchWeb\Working Files\Images\2008_FS_PT\PT_T-Shirt.jpg --> www.marylandarcheology.org /httpdocs/Images/2008_FS_PT PT_T-Shirt.jpg
2008.06.28 17:59 B C:\Program Files\Apache Group\Apache\htdocs\ArchWeb\Working Files\Images\2008_FS_PT\T-Shirt_Store_CU_001.jpg --> www.marylandarcheology.org /httpdocs/Images/2008_FS_PT T-Shirt_Store_CU_001.jpg
2008.06.28 19:25 B C:\Program Files\Apache Group\Apache\htdocs\ArchWeb\Working Files\Images\2008_FS_PT\T-Shirt_Store_CU_PT_250.jpg --> www.marylandarcheology.org /httpdocs/Images/2008_FS_PT T-Shirt_Store_CU_PT_250.jpg
2008.07.26 11:59 B C:\Program Files\Apache Group\Apache\htdocs\ArchWeb\Working Files\Images\2008_FS_PT\2008_FS_PT_014.jpg --> www.marylandarcheology.org /httpdocs/Images/2008_FS_PT 2008_FS_PT_014.jpg
2008.07.26 11:59 B C:\Program Files\Apache Group\Apache\htdocs\ArchWeb\Working Files\Images\2008_FS_PT\2008_FS_PT_019.jpg --> www.marylandarcheology.org /httpdocs/Images/2008_FS_PT 2008_FS_PT_019.jpg
2008.07.26 11:59 B C:\Program Files\Apache Group\Apache\htdocs\ArchWeb\Working Files\Images\2008_FS_PT\2008_FS_PT_022.jpg --> www.marylandarcheology.org /httpdocs/Images/2008_FS_PT 2008_FS_PT_022.jpg
2008.07.26 11:59 B C:\Program Files\Apache Group\Apache\htdocs\ArchWeb\Working Files\Images\2008_FS_PT\2008_FS_PT_032_edited-1.jpg --> www.marylandarcheology.org /httpdocs/Images/2008_FS_PT 2008_FS_PT_032_edited-1.jpg
2008.07.26 11:59 B C:\Program Files\Apache Group\Apache\htdocs\ArchWeb\Working Files\Images\2008_FS_PT\2008_FS_PT_037.jpg --> www.marylandarcheology.org /httpdocs/Images/2008_FS_PT 2008_FS_PT_037.jpg
2008.07.26 11:59 B C:\Program Files\Apache Group\Apache\htdocs\ArchWeb\Working Files\Images\2008_FS_PT\2008_FS_PT_044.jpg --> www.marylandarcheology.org /httpdocs/Images/2008_FS_PT 2008_FS_PT_044.jpg
2008.07.26 11:59 B C:\Program Files\Apache Group\Apache\htdocs\ArchWeb\Working Files\Images\2008_FS_PT\2008_FS_PT_049.jpg --> www.marylandarcheology.org /httpdocs/Images/2008_FS_PT 2008_FS_PT_049.jpg
2008.07.26 11:59 B C:\Program Files\Apache Group\Apache\htdocs\ArchWeb\Working Files\Images\2008_FS_PT\2008_FS_PT_054.jpg --> www.marylandarcheology.org /httpdocs/Images/2008_FS_PT 2008_FS_PT_054.jpg
2008.07.26 11:59 B C:\Program Files\Apache Group\Apache\htdocs\ArchWeb\Working Files\Images\2008_FS_PT\2008_FS_PT_057.jpg --> www.marylandarcheology.org /httpdocs/Images/2008_FS_PT 2008_FS_PT_057.jpg
2008.07.26 11:59 B C:\Program Files\Apache Group\Apache\htdocs\ArchWeb\Working Files\Images\2008_FS_PT\2008_FS_PT_060.jpg --> www.marylandarcheology.org /httpdocs/Images/2008_FS_PT 2008_FS_PT_060.jpg
2008.07.26 11:59 B C:\Program Files\Apache Group\Apache\htdocs\ArchWeb\Working Files\Images\2008_FS_PT\2008_FS_PT_061_800H_Dan1.jpg --> www.marylandarcheology.org /httpdocs/Images/2008_FS_PT 2008_FS_PT_061_800H_Dan1.jpg
2008.07.26 11:59 B C:\Program Files\Apache Group\Apache\htdocs\ArchWeb\Working Files\Images\2008_FS_PT\2008_FS_PT_068.jpg --> www.marylandarcheology.org /httpdocs/Images/2008_FS_PT 2008_FS_PT_068.jpg
2008.07.26 11:59 B C:\Program Files\Apache Group\Apache\htdocs\ArchWeb\Working Files\Images\2008_FS_PT\2008_FS_PT_070.jpg --> www.marylandarcheology.org /httpdocs/Images/2008_FS_PT 2008_FS_PT_070.jpg
2008.07.26 11:59 B C:\Program Files\Apache Group\Apache\htdocs\ArchWeb\Working Files\Images\2008_FS_PT\2008_FS_PT_074.jpg --> www.marylandarcheology.org /httpdocs/Images/2008_FS_PT 2008_FS_PT_074.jpg
2008.07.26 11:59 B C:\Program Files\Apache Group\Apache\htdocs\ArchWeb\Working Files\Images\2008_FS_PT\2008_FS_PT_093.jpg --> www.marylandarcheology.org /httpdocs/Images/2008_FS_PT 2008_FS_PT_093.jpg
2008.07.26 11:59 B C:\Program Files\Apache Group\Apache\htdocs\ArchWeb\Working Files\Images\2008_FS_PT\2008_FS_PT_098.jpg --> www.marylandarcheology.org /httpdocs/Images/2008_FS_PT 2008_FS_PT_098.jpg
2008.07.26 11:59 B C:\Program Files\Apache Group\Apache\htdocs\ArchWeb\Working Files\Images\2008_FS_PT\2008_FS_PT_106.jpg --> www.marylandarcheology.org /httpdocs/Images/2008_FS_PT 2008_FS_PT_106.jpg
2008.07.26 11:59 B C:\Program Files\Apache Group\Apache\htdocs\ArchWeb\Working Files\Images\2008_FS_PT\2008_FS_PT_111.jpg --> www.marylandarcheology.org /httpdocs/Images/2008_FS_PT 2008_FS_PT_111.jpg
2008.07.26 11:59 B C:\Program Files\Apache Group\Apache\htdocs\ArchWeb\Working Files\Images\2008_FS_PT\2008_FS_PT_114.jpg --> www.marylandarcheology.org /httpdocs/Images/2008_FS_PT 2008_FS_PT_114.jpg
2008.07.26 11:59 B C:\Program Files\Apache Group\Apache\htdocs\ArchWeb\Working Files\Images\2008_FS_PT\2008_FS_PT_115.jpg --> www.marylandarcheology.org /httpdocs/Images/2008_FS_PT 2008_FS_PT_115.jpg
2008.07.26 11:59 B C:\Program Files\Apache Group\Apache\htdocs\ArchWeb\Working Files\Images\2008_FS_PT\2008_FS_PT_120.jpg --> www.marylandarcheology.org /httpdocs/Images/2008_FS_PT 2008_FS_PT_120.jpg
2008.07.26 11:59 B C:\Program Files\Apache Group\Apache\htdocs\ArchWeb\Working Files\Images\2008_FS_PT\2008_FS_PT_125.jpg --> www.marylandarcheology.org /httpdocs/Images/2008_FS_PT 2008_FS_PT_125.jpg
2008.07.26 11:59 B C:\Program Files\Apache Group\Apache\htdocs\ArchWeb\Working Files\Images\2008_FS_PT\2008_FS_PT_129.jpg --> www.marylandarcheology.org /httpdocs/Images/2008_FS_PT 2008_FS_PT_129.jpg
2008.07.26 11:59 B C:\Program Files\Apache Group\Apache\htdocs\ArchWeb\Working Files\Images\2008_FS_PT\2008_FS_PT_133.jpg --> www.marylandarcheology.org /httpdocs/Images/2008_FS_PT 2008_FS_PT_133.jpg
2008.07.26 11:59 B C:\Program Files\Apache Group\Apache\htdocs\ArchWeb\Working Files\Images\2008_FS_PT\2008_FS_PT_134.jpg --> www.marylandarcheology.org /httpdocs/Images/2008_FS_PT 2008_FS_PT_134.jpg
2008.07.26 11:59 B C:\Program Files\Apache Group\Apache\htdocs\ArchWeb\Working Files\Images\2008_FS_PT\2008_FS_PT_137.jpg --> www.marylandarcheology.org /httpdocs/Images/2008_FS_PT 2008_FS_PT_137.jpg
2008.07.26 11:59 B C:\Program Files\Apache Group\Apache\htdocs\ArchWeb\Working Files\Images\2008_FS_PT\2008_FS_PT_145.jpg --> www.marylandarcheology.org /httpdocs/Images/2008_FS_PT 2008_FS_PT_145.jpg
2008.07.26 11:59 B C:\Program Files\Apache Group\Apache\htdocs\ArchWeb\Working Files\Images\2008_FS_PT\2008_FS_PT_151.jpg --> www.marylandarcheology.org /httpdocs/Images/2008_FS_PT 2008_FS_PT_151.jpg
2008.07.26 11:59 B C:\Program Files\Apache Group\Apache\htdocs\ArchWeb\Working Files\Images\2008_FS_PT\2008_FS_PT_155.jpg --> www.marylandarcheology.org /httpdocs/Images/2008_FS_PT 2008_FS_PT_155.jpg
2008.07.26 11:59 B C:\Program Files\Apache Group\Apache\htdocs\ArchWeb\Working Files\Images\2008_FS_PT\2008_FS_PT_158.jpg --> www.marylandarcheology.org /httpdocs/Images/2008_FS_PT 2008_FS_PT_158.jpg
2008.07.26 11:59 B C:\Program Files\Apache Group\Apache\htdocs\ArchWeb\Working Files\Images\2008_FS_PT\2008_FS_PT_162.jpg --> www.marylandarcheology.org /httpdocs/Images/2008_FS_PT 2008_FS_PT_162.jpg
2008.07.26 11:59 B C:\Program Files\Apache Group\Apache\htdocs\ArchWeb\Working Files\Images\2008_FS_PT\2008_FS_PT_170.jpg --> www.marylandarcheology.org /httpdocs/Images/2008_FS_PT 2008_FS_PT_170.jpg
2008.07.26 11:59 B C:\Program Files\Apache Group\Apache\htdocs\ArchWeb\Working Files\Images\2008_FS_PT\2008_FS_PT_171.jpg --> www.marylandarcheology.org /httpdocs/Images/2008_FS_PT 2008_FS_PT_171.jpg
2008.07.26 11:59 B C:\Program Files\Apache Group\Apache\htdocs\ArchWeb\Working Files\Images\2008_FS_PT\2008_FS_PT_173.jpg --> www.marylandarcheology.org /httpdocs/Images/2008_FS_PT 2008_FS_PT_173.jpg
2008.07.26 11:59 B C:\Program Files\Apache Group\Apache\htdocs\ArchWeb\Working Files\Images\2008_FS_PT\2008_FS_PT_176.jpg --> www.marylandarcheology.org /httpdocs/Images/2008_FS_PT 2008_FS_PT_176.jpg
2008.07.26 11:59 B C:\Program Files\Apache Group\Apache\htdocs\ArchWeb\Working Files\Images\2008_FS_PT\2008_FS_PT_180.jpg --> www.marylandarcheology.org /httpdocs/Images/2008_FS_PT 2008_FS_PT_180.jpg
2008.07.26 11:59 B C:\Program Files\Apache Group\Apache\htdocs\ArchWeb\Working Files\Images\2008_FS_PT\2008_FS_PT_182.jpg --> www.marylandarcheology.org /httpdocs/Images/2008_FS_PT 2008_FS_PT_182.jpg
2008.07.26 11:59 B C:\Program Files\Apache Group\Apache\htdocs\ArchWeb\Working Files\Images\2008_FS_PT\2008_FS_PT_C_001.jpg --> www.marylandarcheology.org /httpdocs/Images/2008_FS_PT 2008_FS_PT_C_001.jpg
2008.07.26 11:59 B C:\Program Files\Apache Group\Apache\htdocs\ArchWeb\Working Files\Images\2008_FS_PT\2008_FS_PT_C_005.jpg --> www.marylandarcheology.org /httpdocs/Images/2008_FS_PT 2008_FS_PT_C_005.jpg
2008.07.26 11:59 B C:\Program Files\Apache Group\Apache\htdocs\ArchWeb\Working Files\Images\2008_FS_PT\2008_FS_PT_C_013.jpg --> www.marylandarcheology.org /httpdocs/Images/2008_FS_PT 2008_FS_PT_C_013.jpg
2008.07.26 11:59 B C:\Program Files\Apache Group\Apache\htdocs\ArchWeb\Working Files\Images\2008_FS_PT\2008_FS_PT_C_017.jpg --> www.marylandarcheology.org /httpdocs/Images/2008_FS_PT 2008_FS_PT_C_017.jpg
2008.07.26 11:59 B C:\Program Files\Apache Group\Apache\htdocs\ArchWeb\Working Files\Images\2008_FS_PT\2008_FS_PT_C_019.jpg --> www.marylandarcheology.org /httpdocs/Images/2008_FS_PT 2008_FS_PT_C_019.jpg
2008.07.26 11:59 B C:\Program Files\Apache Group\Apache\htdocs\ArchWeb\Working Files\Images\2008_FS_PT\2008_FS_PT_C_022.jpg --> www.marylandarcheology.org /httpdocs/Images/2008_FS_PT 2008_FS_PT_C_022.jpg
2008.07.26 11:59 B C:\Program Files\Apache Group\Apache\htdocs\ArchWeb\Working Files\Images\2008_FS_PT\2008_FS_PT_C_028.jpg --> www.marylandarcheology.org /httpdocs/Images/2008_FS_PT 2008_FS_PT_C_028.jpg
2008.07.26 11:59 B C:\Program Files\Apache Group\Apache\htdocs\ArchWeb\Working Files\Images\2008_FS_PT\2008_FS_PT_C_036.jpg --> www.marylandarcheology.org /httpdocs/Images/2008_FS_PT 2008_FS_PT_C_036.jpg
2008.07.26 11:59 B C:\Program Files\Apache Group\Apache\htdocs\ArchWeb\Working Files\Images\2008_FS_PT\2008_FS_PT_C_040.jpg --> www.marylandarcheology.org /httpdocs/Images/2008_FS_PT 2008_FS_PT_C_040.jpg
2008.07.26 11:59 B C:\Program Files\Apache Group\Apache\htdocs\ArchWeb\Working Files\Images\2008_FS_PT\2008_FS_PT_C_045.jpg --> www.marylandarcheology.org /httpdocs/Images/2008_FS_PT 2008_FS_PT_C_045.jpg
2008.07.26 11:59 B C:\Program Files\Apache Group\Apache\htdocs\ArchWeb\Working Files\Images\2008_FS_PT\2008_FS_PT_C_046.jpg --> www.marylandarcheology.org /httpdocs/Images/2008_FS_PT 2008_FS_PT_C_046.jpg
2008.07.26 11:59 B C:\Program Files\Apache Group\Apache\htdocs\ArchWeb\Working Files\Images\2008_FS_PT\2008_FS_PT_C_047.jpg --> www.marylandarcheology.org /httpdocs/Images/2008_FS_PT 2008_FS_PT_C_047.jpg
2008.07.26 11:59 B C:\Program Files\Apache Group\Apache\htdocs\ArchWeb\Working Files\Images\2008_FS_PT\2008_FS_PT_C_048.jpg --> www.marylandarcheology.org /httpdocs/Images/2008_FS_PT 2008_FS_PT_C_048.jpg
2008.07.26 11:59 B C:\Program Files\Apache Group\Apache\htdocs\ArchWeb\Working Files\Images\2008_FS_PT\2008_FS_PT_C_051.jpg --> www.marylandarcheology.org /httpdocs/Images/2008_FS_PT 2008_FS_PT_C_051.jpg
2008.07.26 11:59 B C:\Program Files\Apache Group\Apache\htdocs\ArchWeb\Working Files\Images\2008_FS_PT\2008_FS_PT_C_052.jpg --> www.marylandarcheology.org /httpdocs/Images/2008_FS_PT 2008_FS_PT_C_052.jpg
2008.07.26 11:59 B C:\Program Files\Apache Group\Apache\htdocs\ArchWeb\Working Files\Images\2008_FS_PT\2008_FS_PT_C_053.jpg --> www.marylandarcheology.org /httpdocs/Images/2008_FS_PT 2008_FS_PT_C_053.jpg
2008.07.26 11:59 B C:\Program Files\Apache Group\Apache\htdocs\ArchWeb\Working Files\Images\2008_FS_PT\2008_FS_PT_C_057.jpg --> www.marylandarcheology.org /httpdocs/Images/2008_FS_PT 2008_FS_PT_C_057.jpg
2008.07.26 11:59 B C:\Program Files\Apache Group\Apache\htdocs\ArchWeb\Working Files\Images\2008_FS_PT\2008_FS_PT_C_059.jpg --> www.marylandarcheology.org /httpdocs/Images/2008_FS_PT 2008_FS_PT_C_059.jpg
2008.07.26 11:59 B C:\Program Files\Apache Group\Apache\htdocs\ArchWeb\Working Files\Images\2008_FS_PT\2008_FS_PT_C_063.jpg --> www.marylandarcheology.org /httpdocs/Images/2008_FS_PT 2008_FS_PT_C_063.jpg
2008.07.26 11:59 B C:\Program Files\Apache Group\Apache\htdocs\ArchWeb\Working Files\Images\2008_FS_PT\2008_FS_PT_C_070.jpg --> www.marylandarcheology.org /httpdocs/Images/2008_FS_PT 2008_FS_PT_C_070.jpg
2008.07.26 11:59 B C:\Program Files\Apache Group\Apache\htdocs\ArchWeb\Working Files\Images\2008_FS_PT\2008_FS_PT_C_077.jpg --> www.marylandarcheology.org /httpdocs/Images/2008_FS_PT 2008_FS_PT_C_077.jpg
2008.07.26 11:59 B C:\Program Files\Apache Group\Apache\htdocs\ArchWeb\Working Files\Images\2008_FS_PT\2008_FS_PT_C_079.jpg --> www.marylandarcheology.org /httpdocs/Images/2008_FS_PT 2008_FS_PT_C_079.jpg
2008.07.26 11:59 B C:\Program Files\Apache Group\Apache\htdocs\ArchWeb\Working Files\Images\2008_FS_PT\2008_FS_PT_C_081.jpg --> www.marylandarcheology.org /httpdocs/Images/2008_FS_PT 2008_FS_PT_C_081.jpg
2008.07.26 11:59 B C:\Program Files\Apache Group\Apache\htdocs\ArchWeb\Working Files\Images\2008_FS_PT\2008_Port_Tobacco_B_004.jpg --> www.marylandarcheology.org /httpdocs/Images/2008_FS_PT 2008_Port_Tobacco_B_004.jpg
2008.07.26 11:59 B C:\Program Files\Apache Group\Apache\htdocs\ArchWeb\Working Files\Images\2008_FS_PT\2008_Port_Tobacco_B_006.jpg --> www.marylandarcheology.org /httpdocs/Images/2008_FS_PT 2008_Port_Tobacco_B_006.jpg
2008.07.26 11:59 B C:\Program Files\Apache Group\Apache\htdocs\ArchWeb\Working Files\Images\2008_FS_PT\2008_Port_Tobacco_B_008.jpg --> www.marylandarcheology.org /httpdocs/Images/2008_FS_PT 2008_Port_Tobacco_B_008.jpg
2008.07.26 11:59 B C:\Program Files\Apache Group\Apache\htdocs\ArchWeb\Working Files\Images\2008_FS_PT\2008_Port_Tobacco_B_010.jpg --> www.marylandarcheology.org /httpdocs/Images/2008_FS_PT 2008_Port_Tobacco_B_010.jpg
2008.07.26 11:59 B C:\Program Files\Apache Group\Apache\htdocs\ArchWeb\Working Files\Images\2008_FS_PT\2008_Port_Tobacco_B_012.jpg --> www.marylandarcheology.org /httpdocs/Images/2008_FS_PT 2008_Port_Tobacco_B_012.jpg
2008.07.26 11:59 B C:\Program Files\Apache Group\Apache\htdocs\ArchWeb\Working Files\Images\2008_FS_PT\2008_Port_Tobacco_B_022.jpg --> www.marylandarcheology.org /httpdocs/Images/2008_FS_PT 2008_Port_Tobacco_B_022.jpg
2008.07.26 11:59 B C:\Program Files\Apache Group\Apache\htdocs\ArchWeb\Working Files\Images\2008_FS_PT\2008_Port_Tobacco_B_026.jpg --> www.marylandarcheology.org /httpdocs/Images/2008_FS_PT 2008_Port_Tobacco_B_026.jpg
2008.07.26 11:59 B C:\Program Files\Apache Group\Apache\htdocs\ArchWeb\Working Files\Images\2008_FS_PT\2008_Port_Tobacco_B_030.jpg --> www.marylandarcheology.org /httpdocs/Images/2008_FS_PT 2008_Port_Tobacco_B_030.jpg
2008.07.26 11:59 B C:\Program Files\Apache Group\Apache\htdocs\ArchWeb\Working Files\Images\2008_FS_PT\2008_Port_Tobacco_B_039.jpg --> www.marylandarcheology.org /httpdocs/Images/2008_FS_PT 2008_Port_Tobacco_B_039.jpg
2008.07.26 11:59 B C:\Program Files\Apache Group\Apache\htdocs\ArchWeb\Working Files\Images\2008_FS_PT\2008_Port_Tobacco_B_043.jpg --> www.marylandarcheology.org /httpdocs/Images/2008_FS_PT 2008_Port_Tobacco_B_043.jpg
2008.07.26 11:59 B C:\Program Files\Apache Group\Apache\htdocs\ArchWeb\Working Files\Images\2008_FS_PT\2008_Port_Tobacco_B_045.jpg --> www.marylandarcheology.org /httpdocs/Images/2008_FS_PT 2008_Port_Tobacco_B_045.jpg
2008.07.26 11:59 B C:\Program Files\Apache Group\Apache\htdocs\ArchWeb\Working Files\Images\2008_FS_PT\2008_Port_Tobacco_B_046.jpg --> www.marylandarcheology.org /httpdocs/Images/2008_FS_PT 2008_Port_Tobacco_B_046.jpg
2008.07.26 11:59 B C:\Program Files\Apache Group\Apache\htdocs\ArchWeb\Working Files\Images\2008_FS_PT\2008_Port_Tobacco_B_049.jpg --> www.marylandarcheology.org /httpdocs/Images/2008_FS_PT 2008_Port_Tobacco_B_049.jpg
2008.07.26 11:59 B C:\Program Files\Apache Group\Apache\htdocs\ArchWeb\Working Files\Images\2008_FS_PT\2008_Port_Tobacco_B_052.jpg --> www.marylandarcheology.org /httpdocs/Images/2008_FS_PT 2008_Port_Tobacco_B_052.jpg
2008.07.26 11:59 B C:\Program Files\Apache Group\Apache\htdocs\ArchWeb\Working Files\Images\2008_FS_PT\2008_Port_Tobacco_B_053.jpg --> www.marylandarcheology.org /httpdocs/Images/2008_FS_PT 2008_Port_Tobacco_B_053.jpg
2008.07.26 11:59 B C:\Program Files\Apache Group\Apache\htdocs\ArchWeb\Working Files\Images\2008_FS_PT\2008_Port_Tobacco_B_054.jpg --> www.marylandarcheology.org /httpdocs/Images/2008_FS_PT 2008_Port_Tobacco_B_054.jpg
2008.07.26 11:59 B C:\Program Files\Apache Group\Apache\htdocs\ArchWeb\Working Files\Images\2008_FS_PT\2008_Port_Tobacco_B_059.jpg --> www.marylandarcheology.org /httpdocs/Images/2008_FS_PT 2008_Port_Tobacco_B_059.jpg
2008.07.26 11:59 B C:\Program Files\Apache Group\Apache\htdocs\ArchWeb\Working Files\Images\2008_FS_PT\2008_Port_Tobacco_B_072.jpg --> www.marylandarcheology.org /httpdocs/Images/2008_FS_PT 2008_Port_Tobacco_B_072.jpg
2008.07.26 11:59 B C:\Program Files\Apache Group\Apache\htdocs\ArchWeb\Working Files\Images\2008_FS_PT\2008_Port_Tobacco_B_075.jpg --> www.marylandarcheology.org /httpdocs/Images/2008_FS_PT 2008_Port_Tobacco_B_075.jpg
2008.07.26 11:59 B C:\Program Files\Apache Group\Apache\htdocs\ArchWeb\Working Files\Images\2008_FS_PT\Thumbs.db --> www.marylandarcheology.org /httpdocs/Images/2008_FS_PT Thumbs.db
2009.12.26 14:42 B C:\Users\John\Documents\ASM\ASM_Website\Images\2008_FS_PT\WS_FTP.LOG <-- ASM_Website /httpdocs/Images/2008_FS_PT WS_FTP.LOG
