2009.12.26 14:36 B C:\Users\John\Documents\ASM\ASM_Website\Images\2003_FS\2003_FS_T-Shirts_250.jpg <-- ASM_Website /httpdocs/Images/2003_FS 2003_FS_T-Shirts_250.jpg
2009.12.26 14:36 B C:\Users\John\Documents\ASM\ASM_Website\Images\2003_FS\FS_T-Shirts-2003_250.jpg <-- ASM_Website /httpdocs/Images/2003_FS FS_T-Shirts-2003_250.jpg
2009.12.26 14:36 B C:\Users\John\Documents\ASM\ASM_Website\Images\2003_FS\Thumbs.db <-- ASM_Website /httpdocs/Images/2003_FS Thumbs.db
2009.12.26 14:36 B C:\Users\John\Documents\ASM\ASM_Website\Images\2003_FS\Winslow_2_Camp1.jpg <-- ASM_Website /httpdocs/Images/2003_FS Winslow_2_Camp1.jpg
2009.12.26 14:36 B C:\Users\John\Documents\ASM\ASM_Website\Images\2003_FS\Winslow_2_Charlie1.jpg <-- ASM_Website /httpdocs/Images/2003_FS Winslow_2_Charlie1.jpg
2009.12.26 14:36 B C:\Users\John\Documents\ASM\ASM_Website\Images\2003_FS\Winslow_2_Ebright1.jpg <-- ASM_Website /httpdocs/Images/2003_FS Winslow_2_Ebright1.jpg
2009.12.26 14:36 B C:\Users\John\Documents\ASM\ASM_Website\Images\2003_FS\Winslow_2_Excavation1.jpg <-- ASM_Website /httpdocs/Images/2003_FS Winslow_2_Excavation1.jpg
2009.12.26 14:36 B C:\Users\John\Documents\ASM\ASM_Website\Images\2003_FS\Winslow_2_Field_of_Dreams.jpg <-- ASM_Website /httpdocs/Images/2003_FS Winslow_2_Field_of_Dreams.jpg
2009.12.26 14:36 B C:\Users\John\Documents\ASM\ASM_Website\Images\2003_FS\Winslow_2_Last_Day_Charlie.jpg <-- ASM_Website /httpdocs/Images/2003_FS Winslow_2_Last_Day_Charlie.jpg
2009.12.26 14:36 B C:\Users\John\Documents\ASM\ASM_Website\Images\2003_FS\Winslow_2_Last_Day_Effort.jpg <-- ASM_Website /httpdocs/Images/2003_FS Winslow_2_Last_Day_Effort.jpg
2009.12.26 14:36 B C:\Users\John\Documents\ASM\ASM_Website\Images\2003_FS\Winslow_2_Last_Day_Post.jpg <-- ASM_Website /httpdocs/Images/2003_FS Winslow_2_Last_Day_Post.jpg
2009.12.26 14:36 B C:\Users\John\Documents\ASM\ASM_Website\Images\2003_FS\Winslow_2_Mud2.jpg <-- ASM_Website /httpdocs/Images/2003_FS Winslow_2_Mud2.jpg
2009.12.26 14:36 B C:\Users\John\Documents\ASM\ASM_Website\Images\2003_FS\Winslow_2_Porta-Pottie1.jpg <-- ASM_Website /httpdocs/Images/2003_FS Winslow_2_Porta-Pottie1.jpg
2009.12.26 14:36 B C:\Users\John\Documents\ASM\ASM_Website\Images\2003_FS\Winslow_2_Potter1.jpg <-- ASM_Website /httpdocs/Images/2003_FS Winslow_2_Potter1.jpg
2009.12.26 14:36 B C:\Users\John\Documents\ASM\ASM_Website\Images\2003_FS\Winslow_2_Potter2.jpg <-- ASM_Website /httpdocs/Images/2003_FS Winslow_2_Potter2.jpg
2009.12.26 14:36 B C:\Users\John\Documents\ASM\ASM_Website\Images\2003_FS\Winslow_2_RainLecture1.jpg <-- ASM_Website /httpdocs/Images/2003_FS Winslow_2_RainLecture1.jpg
2009.12.26 14:36 B C:\Users\John\Documents\ASM\ASM_Website\Images\2003_FS\Winslow_2_Rubbish_Pit1.jpg <-- ASM_Website /httpdocs/Images/2003_FS Winslow_2_Rubbish_Pit1.jpg
2009.12.26 14:36 B C:\Users\John\Documents\ASM\ASM_Website\Images\2003_FS\Winslow_2_Setup1.jpg <-- ASM_Website /httpdocs/Images/2003_FS Winslow_2_Setup1.jpg
2009.12.26 14:36 B C:\Users\John\Documents\ASM\ASM_Website\Images\2003_FS\Winslow_2_Setup3.jpg <-- ASM_Website /httpdocs/Images/2003_FS Winslow_2_Setup3.jpg
2009.12.26 14:36 B C:\Users\John\Documents\ASM\ASM_Website\Images\2003_FS\Winslow_2_Setup4.jpg <-- ASM_Website /httpdocs/Images/2003_FS Winslow_2_Setup4.jpg
2009.12.26 14:36 B C:\Users\John\Documents\ASM\ASM_Website\Images\2003_FS\Winslow_2_Setup5.jpg <-- ASM_Website /httpdocs/Images/2003_FS Winslow_2_Setup5.jpg
2009.12.26 14:36 B C:\Users\John\Documents\ASM\ASM_Website\Images\2003_FS\Winslow_2_SiftingRain.jpg <-- ASM_Website /httpdocs/Images/2003_FS Winslow_2_SiftingRain.jpg
2009.12.26 14:36 B C:\Users\John\Documents\ASM\ASM_Website\Images\2003_FS\Winslow_2_Slattery1.jpg <-- ASM_Website /httpdocs/Images/2003_FS Winslow_2_Slattery1.jpg
2009.12.26 14:36 B C:\Users\John\Documents\ASM\ASM_Website\Images\2003_FS\Winslow_2_Social1.jpg <-- ASM_Website /httpdocs/Images/2003_FS Winslow_2_Social1.jpg
2009.12.26 14:36 B C:\Users\John\Documents\ASM\ASM_Website\Images\2003_FS\Winslow_2_Tyler1.jpg <-- ASM_Website /httpdocs/Images/2003_FS Winslow_2_Tyler1.jpg
2009.12.26 14:36 B C:\Users\John\Documents\ASM\ASM_Website\Images\2003_FS\Winslow_2_Umbrella.jpg <-- ASM_Website /httpdocs/Images/2003_FS Winslow_2_Umbrella.jpg
2009.12.26 14:36 B C:\Users\John\Documents\ASM\ASM_Website\Images\2003_FS\Winslow_2_UnitLayout1.jpg <-- ASM_Website /httpdocs/Images/2003_FS Winslow_2_UnitLayout1.jpg
