2009.12.26 14:39 B C:\Users\John\Documents\ASM\ASM_Website\Images\2006_FS\2006_FS_Tshirt_250_DB.jpg <-- ASM_Website /httpdocs/Images/2006_FS 2006_FS_Tshirt_250_DB.jpg
2009.12.26 14:39 B C:\Users\John\Documents\ASM\ASM_Website\Images\2006_FS\Hughes-Site-Aerial-Photo1.jpg <-- ASM_Website /httpdocs/Images/2006_FS Hughes-Site-Aerial-Photo1.jpg
2009.12.26 14:39 B C:\Users\John\Documents\ASM\ASM_Website\Images\2006_FS\Hughes_2006_Set1-001_Web.jpg <-- ASM_Website /httpdocs/Images/2006_FS Hughes_2006_Set1-001_Web.jpg
2009.12.26 14:39 B C:\Users\John\Documents\ASM\ASM_Website\Images\2006_FS\Hughes_2006_Set1-002_Web.jpg <-- ASM_Website /httpdocs/Images/2006_FS Hughes_2006_Set1-002_Web.jpg
2009.12.26 14:39 B C:\Users\John\Documents\ASM\ASM_Website\Images\2006_FS\Hughes_2006_Set1-004_Web.jpg <-- ASM_Website /httpdocs/Images/2006_FS Hughes_2006_Set1-004_Web.jpg
2009.12.26 14:39 B C:\Users\John\Documents\ASM\ASM_Website\Images\2006_FS\Hughes_2006_Set1-008_Web.jpg <-- ASM_Website /httpdocs/Images/2006_FS Hughes_2006_Set1-008_Web.jpg
2009.12.26 14:39 B C:\Users\John\Documents\ASM\ASM_Website\Images\2006_FS\Hughes_2006_Set1-012_Web.jpg <-- ASM_Website /httpdocs/Images/2006_FS Hughes_2006_Set1-012_Web.jpg
2009.12.26 14:39 B C:\Users\John\Documents\ASM\ASM_Website\Images\2006_FS\Hughes_2006_Set1-013_Web.jpg <-- ASM_Website /httpdocs/Images/2006_FS Hughes_2006_Set1-013_Web.jpg
2009.12.26 14:39 B C:\Users\John\Documents\ASM\ASM_Website\Images\2006_FS\Hughes_2006_Set1-020_Web.jpg <-- ASM_Website /httpdocs/Images/2006_FS Hughes_2006_Set1-020_Web.jpg
2009.12.26 14:39 B C:\Users\John\Documents\ASM\ASM_Website\Images\2006_FS\Hughes_2006_Set1-021_Web.jpg <-- ASM_Website /httpdocs/Images/2006_FS Hughes_2006_Set1-021_Web.jpg
2009.12.26 14:39 B C:\Users\John\Documents\ASM\ASM_Website\Images\2006_FS\Hughes_2006_Set1-029_Web.jpg <-- ASM_Website /httpdocs/Images/2006_FS Hughes_2006_Set1-029_Web.jpg
2009.12.26 14:39 B C:\Users\John\Documents\ASM\ASM_Website\Images\2006_FS\Hughes_2006_Set1-040_Web.jpg <-- ASM_Website /httpdocs/Images/2006_FS Hughes_2006_Set1-040_Web.jpg
2009.12.26 14:39 B C:\Users\John\Documents\ASM\ASM_Website\Images\2006_FS\Hughes_2006_Set1-047_Web.jpg <-- ASM_Website /httpdocs/Images/2006_FS Hughes_2006_Set1-047_Web.jpg
2009.12.26 14:39 B C:\Users\John\Documents\ASM\ASM_Website\Images\2006_FS\Hughes_2006_Set1-055_Web.jpg <-- ASM_Website /httpdocs/Images/2006_FS Hughes_2006_Set1-055_Web.jpg
2009.12.26 14:39 B C:\Users\John\Documents\ASM\ASM_Website\Images\2006_FS\Hughes_2006_Set1-057_Web.jpg <-- ASM_Website /httpdocs/Images/2006_FS Hughes_2006_Set1-057_Web.jpg
2009.12.26 14:39 B C:\Users\John\Documents\ASM\ASM_Website\Images\2006_FS\Hughes_2006_Set1-060_Web.jpg <-- ASM_Website /httpdocs/Images/2006_FS Hughes_2006_Set1-060_Web.jpg
2009.12.26 14:39 B C:\Users\John\Documents\ASM\ASM_Website\Images\2006_FS\Hughes_2006_Set1-066_WEB.jpg <-- ASM_Website /httpdocs/Images/2006_FS Hughes_2006_Set1-066_WEB.jpg
2009.12.26 14:39 B C:\Users\John\Documents\ASM\ASM_Website\Images\2006_FS\Hughes_2006_Set1-068_Web.jpg <-- ASM_Website /httpdocs/Images/2006_FS Hughes_2006_Set1-068_Web.jpg
2009.12.26 14:39 B C:\Users\John\Documents\ASM\ASM_Website\Images\2006_FS\Hughes_2006_Set1-069_Web.jpg <-- ASM_Website /httpdocs/Images/2006_FS Hughes_2006_Set1-069_Web.jpg
2009.12.26 14:39 B C:\Users\John\Documents\ASM\ASM_Website\Images\2006_FS\Hughes_2006_Set1-074_Web.jpg <-- ASM_Website /httpdocs/Images/2006_FS Hughes_2006_Set1-074_Web.jpg
2009.12.26 14:39 B C:\Users\John\Documents\ASM\ASM_Website\Images\2006_FS\Hughes_2006_Set1-086_Web.jpg <-- ASM_Website /httpdocs/Images/2006_FS Hughes_2006_Set1-086_Web.jpg
2009.12.26 14:39 B C:\Users\John\Documents\ASM\ASM_Website\Images\2006_FS\Hughes_2006_Set1-094_Web.jpg <-- ASM_Website /httpdocs/Images/2006_FS Hughes_2006_Set1-094_Web.jpg
2009.12.26 14:39 B C:\Users\John\Documents\ASM\ASM_Website\Images\2006_FS\Hughes_2006_Set1-099_Web.jpg <-- ASM_Website /httpdocs/Images/2006_FS Hughes_2006_Set1-099_Web.jpg
2009.12.26 14:39 B C:\Users\John\Documents\ASM\ASM_Website\Images\2006_FS\Hughes_2006_Set1-105_Web.jpg <-- ASM_Website /httpdocs/Images/2006_FS Hughes_2006_Set1-105_Web.jpg
2009.12.26 14:39 B C:\Users\John\Documents\ASM\ASM_Website\Images\2006_FS\Hughes_2006_Set1-108_Web.jpg <-- ASM_Website /httpdocs/Images/2006_FS Hughes_2006_Set1-108_Web.jpg
2009.12.26 14:39 B C:\Users\John\Documents\ASM\ASM_Website\Images\2006_FS\Hughes_2006_Set1-110_Web.jpg <-- ASM_Website /httpdocs/Images/2006_FS Hughes_2006_Set1-110_Web.jpg
2009.12.26 14:39 B C:\Users\John\Documents\ASM\ASM_Website\Images\2006_FS\Hughes_2006_Set1-115_Web.jpg <-- ASM_Website /httpdocs/Images/2006_FS Hughes_2006_Set1-115_Web.jpg
2009.12.26 14:39 B C:\Users\John\Documents\ASM\ASM_Website\Images\2006_FS\Hughes_2006_Set1-118_Web.jpg <-- ASM_Website /httpdocs/Images/2006_FS Hughes_2006_Set1-118_Web.jpg
2009.12.26 14:39 B C:\Users\John\Documents\ASM\ASM_Website\Images\2006_FS\Hughes_2006_Set1-119_Web.jpg <-- ASM_Website /httpdocs/Images/2006_FS Hughes_2006_Set1-119_Web.jpg
2009.12.26 14:40 B C:\Users\John\Documents\ASM\ASM_Website\Images\2006_FS\Hughes_2006_Set1-122_Web.jpg <-- ASM_Website /httpdocs/Images/2006_FS Hughes_2006_Set1-122_Web.jpg
2009.12.26 14:40 B C:\Users\John\Documents\ASM\ASM_Website\Images\2006_FS\Hughes_2006_Set1-126_Web.jpg <-- ASM_Website /httpdocs/Images/2006_FS Hughes_2006_Set1-126_Web.jpg
2009.12.26 14:40 B C:\Users\John\Documents\ASM\ASM_Website\Images\2006_FS\Hughes_2006_Set1-128_Web.jpg <-- ASM_Website /httpdocs/Images/2006_FS Hughes_2006_Set1-128_Web.jpg
2009.12.26 14:40 B C:\Users\John\Documents\ASM\ASM_Website\Images\2006_FS\Hughes_2006_Set1-129_Web.jpg <-- ASM_Website /httpdocs/Images/2006_FS Hughes_2006_Set1-129_Web.jpg
2009.12.26 14:40 B C:\Users\John\Documents\ASM\ASM_Website\Images\2006_FS\Hughes_2006_Set1-132_Web.jpg <-- ASM_Website /httpdocs/Images/2006_FS Hughes_2006_Set1-132_Web.jpg
2009.12.26 14:40 B C:\Users\John\Documents\ASM\ASM_Website\Images\2006_FS\Hughes_2006_Set1-135_Web.jpg <-- ASM_Website /httpdocs/Images/2006_FS Hughes_2006_Set1-135_Web.jpg
2009.12.26 14:40 B C:\Users\John\Documents\ASM\ASM_Website\Images\2006_FS\Hughes_2006_Set1-144_Web.jpg <-- ASM_Website /httpdocs/Images/2006_FS Hughes_2006_Set1-144_Web.jpg
2009.12.26 14:40 B C:\Users\John\Documents\ASM\ASM_Website\Images\2006_FS\Hughes_2006_Set1-147_Web.jpg <-- ASM_Website /httpdocs/Images/2006_FS Hughes_2006_Set1-147_Web.jpg
2009.12.26 14:40 B C:\Users\John\Documents\ASM\ASM_Website\Images\2006_FS\Hughes_2006_Set1-148_Web.jpg <-- ASM_Website /httpdocs/Images/2006_FS Hughes_2006_Set1-148_Web.jpg
2009.12.26 14:40 B C:\Users\John\Documents\ASM\ASM_Website\Images\2006_FS\Hughes_2006_Set1-150_Web.jpg <-- ASM_Website /httpdocs/Images/2006_FS Hughes_2006_Set1-150_Web.jpg
2009.12.26 14:40 B C:\Users\John\Documents\ASM\ASM_Website\Images\2006_FS\Hughes_2006_Set1-153_Web.jpg <-- ASM_Website /httpdocs/Images/2006_FS Hughes_2006_Set1-153_Web.jpg
2009.12.26 14:40 B C:\Users\John\Documents\ASM\ASM_Website\Images\2006_FS\Hughes_2006_Set1-155_Web.jpg <-- ASM_Website /httpdocs/Images/2006_FS Hughes_2006_Set1-155_Web.jpg
2009.12.26 14:40 B C:\Users\John\Documents\ASM\ASM_Website\Images\2006_FS\Hughes_2006_Set1-157_Web.jpg <-- ASM_Website /httpdocs/Images/2006_FS Hughes_2006_Set1-157_Web.jpg
2009.12.26 14:40 B C:\Users\John\Documents\ASM\ASM_Website\Images\2006_FS\Hughes_2006_Set1-162_Web.jpg <-- ASM_Website /httpdocs/Images/2006_FS Hughes_2006_Set1-162_Web.jpg
2009.12.26 14:40 B C:\Users\John\Documents\ASM\ASM_Website\Images\2006_FS\Hughes_2006_Set1-163_Web.jpg <-- ASM_Website /httpdocs/Images/2006_FS Hughes_2006_Set1-163_Web.jpg
2009.12.26 14:40 B C:\Users\John\Documents\ASM\ASM_Website\Images\2006_FS\Hughes_Site_003_Web.jpg <-- ASM_Website /httpdocs/Images/2006_FS Hughes_Site_003_Web.jpg
2009.12.26 14:40 B C:\Users\John\Documents\ASM\ASM_Website\Images\2006_FS\Hughes_Site_068_Web.jpg <-- ASM_Website /httpdocs/Images/2006_FS Hughes_Site_068_Web.jpg
2009.12.26 14:40 B C:\Users\John\Documents\ASM\ASM_Website\Images\2006_FS\T-Shirt_2006_Web.jpg <-- ASM_Website /httpdocs/Images/2006_FS T-Shirt_2006_Web.jpg
2009.12.26 14:40 B C:\Users\John\Documents\ASM\ASM_Website\Images\2006_FS\Thumbs.db <-- ASM_Website /httpdocs/Images/2006_FS Thumbs.db
